{"C:\\Users\\josep\\Desktop\\CMDER\\bootcamp\\collab\\skylab-bootcamp-201809\\staff\\pep-delbano\\finalproject\\back\\logic\\index.spec.js":{"path":"C:\\Users\\josep\\Desktop\\CMDER\\bootcamp\\collab\\skylab-bootcamp-201809\\staff\\pep-delbano\\finalproject\\back\\logic\\index.spec.js","statementMap":{"0":{"start":{"line":1,"column":55},"end":{"line":1,"column":77}},"1":{"start":{"line":5,"column":14},"end":{"line":5,"column":26}},"2":{"start":{"line":6,"column":69},"end":{"line":6,"column":89}},"3":{"start":{"line":9,"column":19},"end":{"line":9,"column":34}},"4":{"start":{"line":11,"column":18},"end":{"line":11,"column":57}},"5":{"start":{"line":17,"column":0},"end":{"line":1080,"column":2}},"6":{"start":{"line":18,"column":4},"end":{"line":18,"column":94}},"7":{"start":{"line":18,"column":17},"end":{"line":18,"column":93}},"8":{"start":{"line":20,"column":4},"end":{"line":20,"column":54}},"9":{"start":{"line":20,"column":21},"end":{"line":20,"column":53}},"10":{"start":{"line":22,"column":4},"end":{"line":899,"column":6}},"11":{"start":{"line":23,"column":8},"end":{"line":282,"column":10}},"12":{"start":{"line":26,"column":12},"end":{"line":34,"column":14}},"13":{"start":{"line":27,"column":16},"end":{"line":27,"column":34}},"14":{"start":{"line":28,"column":16},"end":{"line":28,"column":28}},"15":{"start":{"line":29,"column":16},"end":{"line":29,"column":31}},"16":{"start":{"line":30,"column":16},"end":{"line":30,"column":37}},"17":{"start":{"line":31,"column":16},"end":{"line":31,"column":35}},"18":{"start":{"line":32,"column":16},"end":{"line":32,"column":32}},"19":{"start":{"line":36,"column":12},"end":{"line":55,"column":14}},"20":{"start":{"line":37,"column":28},"end":{"line":37,"column":100}},"21":{"start":{"line":39,"column":16},"end":{"line":39,"column":43}},"22":{"start":{"line":41,"column":30},"end":{"line":41,"column":47}},"23":{"start":{"line":43,"column":16},"end":{"line":43,"column":48}},"24":{"start":{"line":45,"column":31},"end":{"line":45,"column":36}},"25":{"start":{"line":47,"column":16},"end":{"line":47,"column":49}},"26":{"start":{"line":49,"column":16},"end":{"line":49,"column":55}},"27":{"start":{"line":50,"column":16},"end":{"line":50,"column":48}},"28":{"start":{"line":51,"column":16},"end":{"line":51,"column":54}},"29":{"start":{"line":52,"column":16},"end":{"line":52,"column":50}},"30":{"start":{"line":53,"column":16},"end":{"line":53,"column":56}},"31":{"start":{"line":54,"column":16},"end":{"line":54,"column":56}},"32":{"start":{"line":57,"column":12},"end":{"line":59,"column":14}},"33":{"start":{"line":58,"column":16},"end":{"line":58,"column":150}},"34":{"start":{"line":58,"column":29},"end":{"line":58,"column":100}},"35":{"start":{"line":61,"column":12},"end":{"line":63,"column":14}},"36":{"start":{"line":62,"column":16},"end":{"line":62,"column":141}},"37":{"start":{"line":62,"column":29},"end":{"line":62,"column":93}},"38":{"start":{"line":65,"column":12},"end":{"line":67,"column":14}},"39":{"start":{"line":66,"column":16},"end":{"line":66,"column":148}},"40":{"start":{"line":66,"column":29},"end":{"line":66,"column":100}},"41":{"start":{"line":69,"column":12},"end":{"line":71,"column":14}},"42":{"start":{"line":70,"column":16},"end":{"line":70,"column":138}},"43":{"start":{"line":70,"column":29},"end":{"line":70,"column":94}},"44":{"start":{"line":73,"column":12},"end":{"line":75,"column":14}},"45":{"start":{"line":74,"column":16},"end":{"line":74,"column":140}},"46":{"start":{"line":74,"column":29},"end":{"line":74,"column":95}},"47":{"start":{"line":77,"column":12},"end":{"line":79,"column":14}},"48":{"start":{"line":78,"column":16},"end":{"line":78,"column":153}},"49":{"start":{"line":78,"column":29},"end":{"line":78,"column":105}},"50":{"start":{"line":81,"column":12},"end":{"line":83,"column":14}},"51":{"start":{"line":82,"column":16},"end":{"line":82,"column":163}},"52":{"start":{"line":82,"column":29},"end":{"line":82,"column":107}},"53":{"start":{"line":87,"column":12},"end":{"line":89,"column":14}},"54":{"start":{"line":88,"column":16},"end":{"line":88,"column":150}},"55":{"start":{"line":88,"column":29},"end":{"line":88,"column":100}},"56":{"start":{"line":91,"column":12},"end":{"line":93,"column":14}},"57":{"start":{"line":92,"column":16},"end":{"line":92,"column":141}},"58":{"start":{"line":92,"column":29},"end":{"line":92,"column":93}},"59":{"start":{"line":95,"column":12},"end":{"line":97,"column":14}},"60":{"start":{"line":96,"column":16},"end":{"line":96,"column":148}},"61":{"start":{"line":96,"column":29},"end":{"line":96,"column":100}},"62":{"start":{"line":99,"column":12},"end":{"line":101,"column":14}},"63":{"start":{"line":100,"column":16},"end":{"line":100,"column":138}},"64":{"start":{"line":100,"column":29},"end":{"line":100,"column":94}},"65":{"start":{"line":103,"column":12},"end":{"line":105,"column":14}},"66":{"start":{"line":104,"column":16},"end":{"line":104,"column":140}},"67":{"start":{"line":104,"column":29},"end":{"line":104,"column":95}},"68":{"start":{"line":107,"column":12},"end":{"line":109,"column":14}},"69":{"start":{"line":108,"column":16},"end":{"line":108,"column":153}},"70":{"start":{"line":108,"column":29},"end":{"line":108,"column":105}},"71":{"start":{"line":111,"column":12},"end":{"line":113,"column":14}},"72":{"start":{"line":112,"column":16},"end":{"line":112,"column":163}},"73":{"start":{"line":112,"column":29},"end":{"line":112,"column":107}},"74":{"start":{"line":117,"column":12},"end":{"line":119,"column":14}},"75":{"start":{"line":118,"column":16},"end":{"line":118,"column":147}},"76":{"start":{"line":118,"column":29},"end":{"line":118,"column":97}},"77":{"start":{"line":121,"column":12},"end":{"line":123,"column":14}},"78":{"start":{"line":122,"column":16},"end":{"line":122,"column":141}},"79":{"start":{"line":122,"column":29},"end":{"line":122,"column":90}},"80":{"start":{"line":125,"column":12},"end":{"line":127,"column":14}},"81":{"start":{"line":126,"column":16},"end":{"line":126,"column":148}},"82":{"start":{"line":126,"column":29},"end":{"line":126,"column":97}},"83":{"start":{"line":129,"column":12},"end":{"line":131,"column":14}},"84":{"start":{"line":130,"column":16},"end":{"line":130,"column":135}},"85":{"start":{"line":130,"column":29},"end":{"line":130,"column":91}},"86":{"start":{"line":133,"column":12},"end":{"line":135,"column":14}},"87":{"start":{"line":134,"column":16},"end":{"line":134,"column":137}},"88":{"start":{"line":134,"column":29},"end":{"line":134,"column":92}},"89":{"start":{"line":137,"column":12},"end":{"line":139,"column":14}},"90":{"start":{"line":138,"column":16},"end":{"line":138,"column":150}},"91":{"start":{"line":138,"column":29},"end":{"line":138,"column":102}},"92":{"start":{"line":141,"column":12},"end":{"line":143,"column":14}},"93":{"start":{"line":142,"column":16},"end":{"line":142,"column":160}},"94":{"start":{"line":142,"column":29},"end":{"line":142,"column":104}},"95":{"start":{"line":147,"column":12},"end":{"line":149,"column":14}},"96":{"start":{"line":148,"column":16},"end":{"line":148,"column":149}},"97":{"start":{"line":148,"column":29},"end":{"line":148,"column":99}},"98":{"start":{"line":151,"column":12},"end":{"line":153,"column":14}},"99":{"start":{"line":152,"column":16},"end":{"line":152,"column":141}},"100":{"start":{"line":152,"column":29},"end":{"line":152,"column":92}},"101":{"start":{"line":155,"column":12},"end":{"line":157,"column":14}},"102":{"start":{"line":156,"column":16},"end":{"line":156,"column":148}},"103":{"start":{"line":156,"column":29},"end":{"line":156,"column":99}},"104":{"start":{"line":159,"column":12},"end":{"line":161,"column":14}},"105":{"start":{"line":160,"column":16},"end":{"line":160,"column":137}},"106":{"start":{"line":160,"column":29},"end":{"line":160,"column":93}},"107":{"start":{"line":163,"column":12},"end":{"line":165,"column":14}},"108":{"start":{"line":164,"column":16},"end":{"line":164,"column":139}},"109":{"start":{"line":164,"column":29},"end":{"line":164,"column":94}},"110":{"start":{"line":167,"column":12},"end":{"line":169,"column":14}},"111":{"start":{"line":168,"column":16},"end":{"line":168,"column":152}},"112":{"start":{"line":168,"column":29},"end":{"line":168,"column":104}},"113":{"start":{"line":171,"column":12},"end":{"line":173,"column":14}},"114":{"start":{"line":172,"column":16},"end":{"line":172,"column":162}},"115":{"start":{"line":172,"column":29},"end":{"line":172,"column":106}},"116":{"start":{"line":177,"column":12},"end":{"line":179,"column":14}},"117":{"start":{"line":178,"column":16},"end":{"line":178,"column":146}},"118":{"start":{"line":178,"column":29},"end":{"line":178,"column":96}},"119":{"start":{"line":181,"column":12},"end":{"line":183,"column":14}},"120":{"start":{"line":182,"column":16},"end":{"line":182,"column":141}},"121":{"start":{"line":182,"column":29},"end":{"line":182,"column":89}},"122":{"start":{"line":185,"column":12},"end":{"line":187,"column":14}},"123":{"start":{"line":186,"column":16},"end":{"line":186,"column":148}},"124":{"start":{"line":186,"column":29},"end":{"line":186,"column":96}},"125":{"start":{"line":189,"column":12},"end":{"line":191,"column":14}},"126":{"start":{"line":190,"column":16},"end":{"line":190,"column":133}},"127":{"start":{"line":190,"column":29},"end":{"line":190,"column":89}},"128":{"start":{"line":193,"column":12},"end":{"line":193,"column":177}},"129":{"start":{"line":193,"column":56},"end":{"line":193,"column":176}},"130":{"start":{"line":193,"column":69},"end":{"line":193,"column":131}},"131":{"start":{"line":195,"column":12},"end":{"line":197,"column":14}},"132":{"start":{"line":196,"column":16},"end":{"line":196,"column":149}},"133":{"start":{"line":196,"column":29},"end":{"line":196,"column":101}},"134":{"start":{"line":199,"column":12},"end":{"line":201,"column":14}},"135":{"start":{"line":200,"column":16},"end":{"line":200,"column":159}},"136":{"start":{"line":200,"column":29},"end":{"line":200,"column":103}},"137":{"start":{"line":205,"column":12},"end":{"line":207,"column":14}},"138":{"start":{"line":206,"column":16},"end":{"line":206,"column":147}},"139":{"start":{"line":206,"column":29},"end":{"line":206,"column":97}},"140":{"start":{"line":209,"column":12},"end":{"line":211,"column":14}},"141":{"start":{"line":210,"column":16},"end":{"line":210,"column":142}},"142":{"start":{"line":210,"column":29},"end":{"line":210,"column":90}},"143":{"start":{"line":213,"column":12},"end":{"line":215,"column":14}},"144":{"start":{"line":214,"column":16},"end":{"line":214,"column":149}},"145":{"start":{"line":214,"column":29},"end":{"line":214,"column":97}},"146":{"start":{"line":217,"column":12},"end":{"line":219,"column":14}},"147":{"start":{"line":218,"column":16},"end":{"line":218,"column":134}},"148":{"start":{"line":218,"column":29},"end":{"line":218,"column":90}},"149":{"start":{"line":221,"column":12},"end":{"line":223,"column":14}},"150":{"start":{"line":222,"column":16},"end":{"line":222,"column":136}},"151":{"start":{"line":222,"column":29},"end":{"line":222,"column":91}},"152":{"start":{"line":225,"column":12},"end":{"line":227,"column":14}},"153":{"start":{"line":226,"column":16},"end":{"line":226,"column":149}},"154":{"start":{"line":226,"column":29},"end":{"line":226,"column":101}},"155":{"start":{"line":229,"column":12},"end":{"line":231,"column":14}},"156":{"start":{"line":230,"column":16},"end":{"line":230,"column":159}},"157":{"start":{"line":230,"column":29},"end":{"line":230,"column":103}},"158":{"start":{"line":248,"column":12},"end":{"line":263,"column":14}},"159":{"start":{"line":250,"column":16},"end":{"line":261,"column":17}},"160":{"start":{"line":252,"column":20},"end":{"line":252,"column":92}},"161":{"start":{"line":254,"column":20},"end":{"line":254,"column":94}},"162":{"start":{"line":258,"column":20},"end":{"line":258,"column":68}},"163":{"start":{"line":260,"column":20},"end":{"line":260,"column":88}},"164":{"start":{"line":265,"column":12},"end":{"line":281,"column":14}},"165":{"start":{"line":267,"column":16},"end":{"line":278,"column":17}},"166":{"start":{"line":269,"column":20},"end":{"line":269,"column":92}},"167":{"start":{"line":271,"column":20},"end":{"line":271,"column":102}},"168":{"start":{"line":275,"column":20},"end":{"line":275,"column":68}},"169":{"start":{"line":277,"column":20},"end":{"line":277,"column":86}},"170":{"start":{"line":286,"column":8},"end":{"line":393,"column":10}},"171":{"start":{"line":290,"column":12},"end":{"line":290,"column":161}},"172":{"start":{"line":290,"column":29},"end":{"line":290,"column":160}},"173":{"start":{"line":293,"column":12},"end":{"line":306,"column":14}},"174":{"start":{"line":294,"column":47},"end":{"line":294,"column":51}},"175":{"start":{"line":296,"column":27},"end":{"line":296,"column":75}},"176":{"start":{"line":298,"column":16},"end":{"line":298,"column":35}},"177":{"start":{"line":299,"column":16},"end":{"line":299,"column":44}},"178":{"start":{"line":301,"column":30},"end":{"line":301,"column":47}},"179":{"start":{"line":303,"column":32},"end":{"line":303,"column":37}},"180":{"start":{"line":305,"column":16},"end":{"line":305,"column":45}},"181":{"start":{"line":309,"column":12},"end":{"line":311,"column":14}},"182":{"start":{"line":310,"column":16},"end":{"line":310,"column":127}},"183":{"start":{"line":310,"column":29},"end":{"line":310,"column":77}},"184":{"start":{"line":313,"column":12},"end":{"line":315,"column":14}},"185":{"start":{"line":314,"column":16},"end":{"line":314,"column":122}},"186":{"start":{"line":314,"column":29},"end":{"line":314,"column":70}},"187":{"start":{"line":317,"column":12},"end":{"line":319,"column":14}},"188":{"start":{"line":318,"column":16},"end":{"line":318,"column":129}},"189":{"start":{"line":318,"column":29},"end":{"line":318,"column":77}},"190":{"start":{"line":321,"column":12},"end":{"line":323,"column":14}},"191":{"start":{"line":322,"column":16},"end":{"line":322,"column":115}},"192":{"start":{"line":322,"column":29},"end":{"line":322,"column":71}},"193":{"start":{"line":325,"column":12},"end":{"line":327,"column":14}},"194":{"start":{"line":326,"column":16},"end":{"line":326,"column":117}},"195":{"start":{"line":326,"column":29},"end":{"line":326,"column":72}},"196":{"start":{"line":329,"column":12},"end":{"line":331,"column":14}},"197":{"start":{"line":330,"column":16},"end":{"line":330,"column":130}},"198":{"start":{"line":330,"column":29},"end":{"line":330,"column":82}},"199":{"start":{"line":333,"column":12},"end":{"line":335,"column":14}},"200":{"start":{"line":334,"column":16},"end":{"line":334,"column":140}},"201":{"start":{"line":334,"column":29},"end":{"line":334,"column":84}},"202":{"start":{"line":337,"column":12},"end":{"line":339,"column":14}},"203":{"start":{"line":338,"column":16},"end":{"line":338,"column":127}},"204":{"start":{"line":338,"column":29},"end":{"line":338,"column":77}},"205":{"start":{"line":341,"column":12},"end":{"line":343,"column":14}},"206":{"start":{"line":342,"column":16},"end":{"line":342,"column":122}},"207":{"start":{"line":342,"column":29},"end":{"line":342,"column":70}},"208":{"start":{"line":345,"column":12},"end":{"line":347,"column":14}},"209":{"start":{"line":346,"column":16},"end":{"line":346,"column":129}},"210":{"start":{"line":346,"column":29},"end":{"line":346,"column":77}},"211":{"start":{"line":349,"column":12},"end":{"line":351,"column":14}},"212":{"start":{"line":350,"column":16},"end":{"line":350,"column":115}},"213":{"start":{"line":350,"column":29},"end":{"line":350,"column":71}},"214":{"start":{"line":353,"column":12},"end":{"line":355,"column":14}},"215":{"start":{"line":354,"column":16},"end":{"line":354,"column":117}},"216":{"start":{"line":354,"column":29},"end":{"line":354,"column":72}},"217":{"start":{"line":357,"column":12},"end":{"line":359,"column":14}},"218":{"start":{"line":358,"column":16},"end":{"line":358,"column":130}},"219":{"start":{"line":358,"column":29},"end":{"line":358,"column":82}},"220":{"start":{"line":361,"column":12},"end":{"line":363,"column":14}},"221":{"start":{"line":362,"column":16},"end":{"line":362,"column":140}},"222":{"start":{"line":362,"column":29},"end":{"line":362,"column":84}},"223":{"start":{"line":365,"column":12},"end":{"line":377,"column":14}},"224":{"start":{"line":367,"column":16},"end":{"line":376,"column":17}},"225":{"start":{"line":369,"column":20},"end":{"line":369,"column":72}},"226":{"start":{"line":373,"column":20},"end":{"line":373,"column":59}},"227":{"start":{"line":375,"column":20},"end":{"line":375,"column":80}},"228":{"start":{"line":379,"column":12},"end":{"line":391,"column":14}},"229":{"start":{"line":381,"column":16},"end":{"line":390,"column":17}},"230":{"start":{"line":383,"column":20},"end":{"line":383,"column":80}},"231":{"start":{"line":387,"column":20},"end":{"line":387,"column":59}},"232":{"start":{"line":389,"column":20},"end":{"line":389,"column":80}},"233":{"start":{"line":397,"column":8},"end":{"line":454,"column":10}},"234":{"start":{"line":400,"column":12},"end":{"line":404,"column":14}},"235":{"start":{"line":401,"column":16},"end":{"line":401,"column":138}},"236":{"start":{"line":403,"column":16},"end":{"line":403,"column":33}},"237":{"start":{"line":406,"column":12},"end":{"line":423,"column":14}},"238":{"start":{"line":407,"column":30},"end":{"line":407,"column":63}},"239":{"start":{"line":409,"column":16},"end":{"line":409,"column":56}},"240":{"start":{"line":411,"column":87},"end":{"line":411,"column":92}},"241":{"start":{"line":413,"column":16},"end":{"line":413,"column":35}},"242":{"start":{"line":414,"column":16},"end":{"line":414,"column":44}},"243":{"start":{"line":415,"column":16},"end":{"line":415,"column":44}},"244":{"start":{"line":416,"column":16},"end":{"line":416,"column":48}},"245":{"start":{"line":417,"column":16},"end":{"line":417,"column":48}},"246":{"start":{"line":418,"column":16},"end":{"line":418,"column":54}},"247":{"start":{"line":419,"column":16},"end":{"line":419,"column":50}},"248":{"start":{"line":420,"column":16},"end":{"line":420,"column":56}},"249":{"start":{"line":421,"column":16},"end":{"line":421,"column":48}},"250":{"start":{"line":422,"column":16},"end":{"line":422,"column":43}},"251":{"start":{"line":425,"column":12},"end":{"line":429,"column":14}},"252":{"start":{"line":426,"column":79},"end":{"line":426,"column":83}},"253":{"start":{"line":428,"column":16},"end":{"line":428,"column":108}},"254":{"start":{"line":428,"column":29},"end":{"line":428,"column":58}},"255":{"start":{"line":431,"column":12},"end":{"line":433,"column":14}},"256":{"start":{"line":432,"column":16},"end":{"line":432,"column":98}},"257":{"start":{"line":432,"column":29},"end":{"line":432,"column":97}},"258":{"start":{"line":435,"column":12},"end":{"line":437,"column":14}},"259":{"start":{"line":436,"column":16},"end":{"line":436,"column":105}},"260":{"start":{"line":436,"column":29},"end":{"line":436,"column":104}},"261":{"start":{"line":439,"column":12},"end":{"line":441,"column":14}},"262":{"start":{"line":440,"column":16},"end":{"line":440,"column":96}},"263":{"start":{"line":440,"column":29},"end":{"line":440,"column":95}},"264":{"start":{"line":443,"column":12},"end":{"line":445,"column":14}},"265":{"start":{"line":444,"column":16},"end":{"line":444,"column":98}},"266":{"start":{"line":444,"column":29},"end":{"line":444,"column":97}},"267":{"start":{"line":447,"column":12},"end":{"line":449,"column":14}},"268":{"start":{"line":448,"column":16},"end":{"line":448,"column":111}},"269":{"start":{"line":448,"column":29},"end":{"line":448,"column":110}},"270":{"start":{"line":451,"column":12},"end":{"line":453,"column":14}},"271":{"start":{"line":452,"column":16},"end":{"line":452,"column":121}},"272":{"start":{"line":452,"column":29},"end":{"line":452,"column":120}},"273":{"start":{"line":458,"column":8},"end":{"line":898,"column":10}},"274":{"start":{"line":461,"column":12},"end":{"line":461,"column":161}},"275":{"start":{"line":461,"column":29},"end":{"line":461,"column":160}},"276":{"start":{"line":463,"column":12},"end":{"line":489,"column":14}},"277":{"start":{"line":464,"column":79},"end":{"line":464,"column":83}},"278":{"start":{"line":466,"column":32},"end":{"line":466,"column":43}},"279":{"start":{"line":467,"column":32},"end":{"line":467,"column":58}},"280":{"start":{"line":468,"column":35},"end":{"line":468,"column":64}},"281":{"start":{"line":469,"column":33},"end":{"line":469,"column":60}},"282":{"start":{"line":470,"column":36},"end":{"line":470,"column":66}},"283":{"start":{"line":471,"column":36},"end":{"line":471,"column":66}},"284":{"start":{"line":473,"column":28},"end":{"line":473,"column":130}},"285":{"start":{"line":475,"column":16},"end":{"line":475,"column":43}},"286":{"start":{"line":477,"column":31},"end":{"line":477,"column":48}},"287":{"start":{"line":479,"column":32},"end":{"line":479,"column":38}},"288":{"start":{"line":481,"column":16},"end":{"line":481,"column":45}},"289":{"start":{"line":483,"column":16},"end":{"line":483,"column":52}},"290":{"start":{"line":484,"column":16},"end":{"line":484,"column":52}},"291":{"start":{"line":485,"column":16},"end":{"line":485,"column":58}},"292":{"start":{"line":486,"column":16},"end":{"line":486,"column":54}},"293":{"start":{"line":487,"column":16},"end":{"line":487,"column":60}},"294":{"start":{"line":488,"column":16},"end":{"line":488,"column":60}},"295":{"start":{"line":491,"column":12},"end":{"line":501,"column":14}},"296":{"start":{"line":492,"column":92},"end":{"line":492,"column":96}},"297":{"start":{"line":494,"column":16},"end":{"line":494,"column":167}},"298":{"start":{"line":494,"column":29},"end":{"line":494,"column":117}},"299":{"start":{"line":498,"column":92},"end":{"line":498,"column":96}},"300":{"start":{"line":500,"column":16},"end":{"line":500,"column":157}},"301":{"start":{"line":500,"column":29},"end":{"line":500,"column":112}},"302":{"start":{"line":503,"column":12},"end":{"line":507,"column":14}},"303":{"start":{"line":504,"column":92},"end":{"line":504,"column":96}},"304":{"start":{"line":506,"column":16},"end":{"line":506,"column":163}},"305":{"start":{"line":506,"column":29},"end":{"line":506,"column":117}},"306":{"start":{"line":509,"column":12},"end":{"line":513,"column":14}},"307":{"start":{"line":510,"column":92},"end":{"line":510,"column":96}},"308":{"start":{"line":512,"column":16},"end":{"line":512,"column":155}},"309":{"start":{"line":512,"column":29},"end":{"line":512,"column":111}},"310":{"start":{"line":515,"column":12},"end":{"line":519,"column":14}},"311":{"start":{"line":516,"column":92},"end":{"line":516,"column":96}},"312":{"start":{"line":518,"column":16},"end":{"line":518,"column":157}},"313":{"start":{"line":518,"column":29},"end":{"line":518,"column":112}},"314":{"start":{"line":521,"column":12},"end":{"line":525,"column":14}},"315":{"start":{"line":522,"column":92},"end":{"line":522,"column":96}},"316":{"start":{"line":524,"column":16},"end":{"line":524,"column":158}},"317":{"start":{"line":524,"column":29},"end":{"line":524,"column":114}},"318":{"start":{"line":527,"column":12},"end":{"line":531,"column":14}},"319":{"start":{"line":528,"column":92},"end":{"line":528,"column":96}},"320":{"start":{"line":530,"column":16},"end":{"line":530,"column":180}},"321":{"start":{"line":530,"column":29},"end":{"line":530,"column":124}},"322":{"start":{"line":535,"column":12},"end":{"line":545,"column":14}},"323":{"start":{"line":536,"column":92},"end":{"line":536,"column":96}},"324":{"start":{"line":538,"column":16},"end":{"line":538,"column":167}},"325":{"start":{"line":538,"column":29},"end":{"line":538,"column":117}},"326":{"start":{"line":542,"column":92},"end":{"line":542,"column":96}},"327":{"start":{"line":544,"column":16},"end":{"line":544,"column":155}},"328":{"start":{"line":544,"column":29},"end":{"line":544,"column":110}},"329":{"start":{"line":547,"column":12},"end":{"line":551,"column":14}},"330":{"start":{"line":548,"column":92},"end":{"line":548,"column":96}},"331":{"start":{"line":550,"column":16},"end":{"line":550,"column":163}},"332":{"start":{"line":550,"column":29},"end":{"line":550,"column":115}},"333":{"start":{"line":553,"column":12},"end":{"line":557,"column":14}},"334":{"start":{"line":554,"column":92},"end":{"line":554,"column":96}},"335":{"start":{"line":556,"column":16},"end":{"line":556,"column":153}},"336":{"start":{"line":556,"column":29},"end":{"line":556,"column":109}},"337":{"start":{"line":559,"column":12},"end":{"line":563,"column":14}},"338":{"start":{"line":560,"column":92},"end":{"line":560,"column":96}},"339":{"start":{"line":562,"column":16},"end":{"line":562,"column":155}},"340":{"start":{"line":562,"column":29},"end":{"line":562,"column":110}},"341":{"start":{"line":565,"column":12},"end":{"line":569,"column":14}},"342":{"start":{"line":566,"column":92},"end":{"line":566,"column":96}},"343":{"start":{"line":568,"column":16},"end":{"line":568,"column":156}},"344":{"start":{"line":568,"column":29},"end":{"line":568,"column":112}},"345":{"start":{"line":571,"column":12},"end":{"line":575,"column":14}},"346":{"start":{"line":572,"column":92},"end":{"line":572,"column":96}},"347":{"start":{"line":574,"column":16},"end":{"line":574,"column":178}},"348":{"start":{"line":574,"column":29},"end":{"line":574,"column":122}},"349":{"start":{"line":579,"column":12},"end":{"line":589,"column":14}},"350":{"start":{"line":580,"column":92},"end":{"line":580,"column":96}},"351":{"start":{"line":582,"column":16},"end":{"line":582,"column":165}},"352":{"start":{"line":582,"column":29},"end":{"line":582,"column":115}},"353":{"start":{"line":586,"column":92},"end":{"line":586,"column":96}},"354":{"start":{"line":588,"column":16},"end":{"line":588,"column":155}},"355":{"start":{"line":588,"column":29},"end":{"line":588,"column":110}},"356":{"start":{"line":591,"column":12},"end":{"line":595,"column":14}},"357":{"start":{"line":592,"column":92},"end":{"line":592,"column":96}},"358":{"start":{"line":594,"column":16},"end":{"line":594,"column":163}},"359":{"start":{"line":594,"column":29},"end":{"line":594,"column":115}},"360":{"start":{"line":597,"column":12},"end":{"line":601,"column":14}},"361":{"start":{"line":598,"column":92},"end":{"line":598,"column":96}},"362":{"start":{"line":600,"column":16},"end":{"line":600,"column":153}},"363":{"start":{"line":600,"column":29},"end":{"line":600,"column":109}},"364":{"start":{"line":603,"column":12},"end":{"line":607,"column":14}},"365":{"start":{"line":604,"column":92},"end":{"line":604,"column":96}},"366":{"start":{"line":606,"column":16},"end":{"line":606,"column":155}},"367":{"start":{"line":606,"column":29},"end":{"line":606,"column":110}},"368":{"start":{"line":609,"column":12},"end":{"line":613,"column":14}},"369":{"start":{"line":610,"column":92},"end":{"line":610,"column":96}},"370":{"start":{"line":612,"column":16},"end":{"line":612,"column":156}},"371":{"start":{"line":612,"column":29},"end":{"line":612,"column":112}},"372":{"start":{"line":615,"column":12},"end":{"line":619,"column":14}},"373":{"start":{"line":616,"column":92},"end":{"line":616,"column":96}},"374":{"start":{"line":618,"column":16},"end":{"line":618,"column":178}},"375":{"start":{"line":618,"column":29},"end":{"line":618,"column":122}},"376":{"start":{"line":623,"column":12},"end":{"line":633,"column":14}},"377":{"start":{"line":624,"column":92},"end":{"line":624,"column":96}},"378":{"start":{"line":626,"column":16},"end":{"line":626,"column":162}},"379":{"start":{"line":626,"column":29},"end":{"line":626,"column":112}},"380":{"start":{"line":630,"column":92},"end":{"line":630,"column":96}},"381":{"start":{"line":632,"column":16},"end":{"line":632,"column":152}},"382":{"start":{"line":632,"column":29},"end":{"line":632,"column":107}},"383":{"start":{"line":635,"column":12},"end":{"line":639,"column":14}},"384":{"start":{"line":636,"column":92},"end":{"line":636,"column":96}},"385":{"start":{"line":638,"column":16},"end":{"line":638,"column":163}},"386":{"start":{"line":638,"column":29},"end":{"line":638,"column":112}},"387":{"start":{"line":641,"column":12},"end":{"line":645,"column":14}},"388":{"start":{"line":642,"column":92},"end":{"line":642,"column":96}},"389":{"start":{"line":644,"column":16},"end":{"line":644,"column":150}},"390":{"start":{"line":644,"column":29},"end":{"line":644,"column":106}},"391":{"start":{"line":647,"column":12},"end":{"line":651,"column":14}},"392":{"start":{"line":648,"column":92},"end":{"line":648,"column":96}},"393":{"start":{"line":650,"column":16},"end":{"line":650,"column":152}},"394":{"start":{"line":650,"column":29},"end":{"line":650,"column":107}},"395":{"start":{"line":653,"column":12},"end":{"line":657,"column":14}},"396":{"start":{"line":654,"column":92},"end":{"line":654,"column":96}},"397":{"start":{"line":656,"column":16},"end":{"line":656,"column":153}},"398":{"start":{"line":656,"column":29},"end":{"line":656,"column":109}},"399":{"start":{"line":659,"column":12},"end":{"line":663,"column":14}},"400":{"start":{"line":660,"column":92},"end":{"line":660,"column":96}},"401":{"start":{"line":662,"column":16},"end":{"line":662,"column":175}},"402":{"start":{"line":662,"column":29},"end":{"line":662,"column":119}},"403":{"start":{"line":667,"column":12},"end":{"line":677,"column":14}},"404":{"start":{"line":668,"column":92},"end":{"line":668,"column":96}},"405":{"start":{"line":670,"column":16},"end":{"line":670,"column":164}},"406":{"start":{"line":670,"column":29},"end":{"line":670,"column":114}},"407":{"start":{"line":674,"column":92},"end":{"line":674,"column":96}},"408":{"start":{"line":676,"column":16},"end":{"line":676,"column":154}},"409":{"start":{"line":676,"column":29},"end":{"line":676,"column":109}},"410":{"start":{"line":679,"column":12},"end":{"line":683,"column":14}},"411":{"start":{"line":680,"column":92},"end":{"line":680,"column":96}},"412":{"start":{"line":682,"column":16},"end":{"line":682,"column":163}},"413":{"start":{"line":682,"column":29},"end":{"line":682,"column":114}},"414":{"start":{"line":685,"column":12},"end":{"line":689,"column":14}},"415":{"start":{"line":686,"column":92},"end":{"line":686,"column":96}},"416":{"start":{"line":688,"column":16},"end":{"line":688,"column":152}},"417":{"start":{"line":688,"column":29},"end":{"line":688,"column":108}},"418":{"start":{"line":691,"column":12},"end":{"line":695,"column":14}},"419":{"start":{"line":692,"column":92},"end":{"line":692,"column":96}},"420":{"start":{"line":694,"column":16},"end":{"line":694,"column":154}},"421":{"start":{"line":694,"column":29},"end":{"line":694,"column":109}},"422":{"start":{"line":697,"column":12},"end":{"line":701,"column":14}},"423":{"start":{"line":698,"column":92},"end":{"line":698,"column":96}},"424":{"start":{"line":700,"column":16},"end":{"line":700,"column":155}},"425":{"start":{"line":700,"column":29},"end":{"line":700,"column":111}},"426":{"start":{"line":703,"column":12},"end":{"line":707,"column":14}},"427":{"start":{"line":704,"column":92},"end":{"line":704,"column":96}},"428":{"start":{"line":706,"column":16},"end":{"line":706,"column":177}},"429":{"start":{"line":706,"column":29},"end":{"line":706,"column":121}},"430":{"start":{"line":711,"column":12},"end":{"line":721,"column":14}},"431":{"start":{"line":712,"column":92},"end":{"line":712,"column":96}},"432":{"start":{"line":714,"column":16},"end":{"line":714,"column":161}},"433":{"start":{"line":714,"column":29},"end":{"line":714,"column":111}},"434":{"start":{"line":718,"column":92},"end":{"line":718,"column":96}},"435":{"start":{"line":720,"column":16},"end":{"line":720,"column":151}},"436":{"start":{"line":720,"column":29},"end":{"line":720,"column":106}},"437":{"start":{"line":723,"column":12},"end":{"line":727,"column":14}},"438":{"start":{"line":724,"column":92},"end":{"line":724,"column":96}},"439":{"start":{"line":726,"column":16},"end":{"line":726,"column":163}},"440":{"start":{"line":726,"column":29},"end":{"line":726,"column":111}},"441":{"start":{"line":729,"column":12},"end":{"line":733,"column":14}},"442":{"start":{"line":730,"column":92},"end":{"line":730,"column":96}},"443":{"start":{"line":732,"column":16},"end":{"line":732,"column":149}},"444":{"start":{"line":732,"column":29},"end":{"line":732,"column":105}},"445":{"start":{"line":735,"column":12},"end":{"line":739,"column":14}},"446":{"start":{"line":736,"column":92},"end":{"line":736,"column":96}},"447":{"start":{"line":738,"column":16},"end":{"line":738,"column":151}},"448":{"start":{"line":738,"column":29},"end":{"line":738,"column":106}},"449":{"start":{"line":741,"column":12},"end":{"line":745,"column":14}},"450":{"start":{"line":742,"column":92},"end":{"line":742,"column":96}},"451":{"start":{"line":744,"column":16},"end":{"line":744,"column":152}},"452":{"start":{"line":744,"column":29},"end":{"line":744,"column":108}},"453":{"start":{"line":747,"column":12},"end":{"line":751,"column":14}},"454":{"start":{"line":748,"column":92},"end":{"line":748,"column":96}},"455":{"start":{"line":750,"column":16},"end":{"line":750,"column":174}},"456":{"start":{"line":750,"column":29},"end":{"line":750,"column":118}},"457":{"start":{"line":755,"column":12},"end":{"line":765,"column":14}},"458":{"start":{"line":756,"column":92},"end":{"line":756,"column":96}},"459":{"start":{"line":758,"column":16},"end":{"line":758,"column":158}},"460":{"start":{"line":758,"column":29},"end":{"line":758,"column":108}},"461":{"start":{"line":762,"column":92},"end":{"line":762,"column":96}},"462":{"start":{"line":764,"column":16},"end":{"line":764,"column":148}},"463":{"start":{"line":764,"column":29},"end":{"line":764,"column":103}},"464":{"start":{"line":767,"column":12},"end":{"line":771,"column":14}},"465":{"start":{"line":768,"column":92},"end":{"line":768,"column":96}},"466":{"start":{"line":770,"column":16},"end":{"line":770,"column":163}},"467":{"start":{"line":770,"column":29},"end":{"line":770,"column":108}},"468":{"start":{"line":773,"column":12},"end":{"line":777,"column":14}},"469":{"start":{"line":774,"column":92},"end":{"line":774,"column":96}},"470":{"start":{"line":776,"column":16},"end":{"line":776,"column":146}},"471":{"start":{"line":776,"column":29},"end":{"line":776,"column":102}},"472":{"start":{"line":779,"column":12},"end":{"line":783,"column":14}},"473":{"start":{"line":780,"column":92},"end":{"line":780,"column":96}},"474":{"start":{"line":782,"column":16},"end":{"line":782,"column":148}},"475":{"start":{"line":782,"column":29},"end":{"line":782,"column":103}},"476":{"start":{"line":785,"column":12},"end":{"line":789,"column":14}},"477":{"start":{"line":786,"column":92},"end":{"line":786,"column":96}},"478":{"start":{"line":788,"column":16},"end":{"line":788,"column":149}},"479":{"start":{"line":788,"column":29},"end":{"line":788,"column":105}},"480":{"start":{"line":791,"column":12},"end":{"line":795,"column":14}},"481":{"start":{"line":792,"column":92},"end":{"line":792,"column":96}},"482":{"start":{"line":794,"column":16},"end":{"line":794,"column":171}},"483":{"start":{"line":794,"column":29},"end":{"line":794,"column":115}},"484":{"start":{"line":799,"column":12},"end":{"line":806,"column":14}},"485":{"start":{"line":801,"column":36},"end":{"line":801,"column":43}},"486":{"start":{"line":803,"column":79},"end":{"line":803,"column":83}},"487":{"start":{"line":805,"column":16},"end":{"line":805,"column":162}},"488":{"start":{"line":805,"column":30},"end":{"line":805,"column":112}},"489":{"start":{"line":808,"column":12},"end":{"line":813,"column":14}},"490":{"start":{"line":810,"column":36},"end":{"line":810,"column":43}},"491":{"start":{"line":811,"column":79},"end":{"line":811,"column":83}},"492":{"start":{"line":812,"column":16},"end":{"line":812,"column":151}},"493":{"start":{"line":812,"column":29},"end":{"line":812,"column":106}},"494":{"start":{"line":815,"column":12},"end":{"line":822,"column":14}},"495":{"start":{"line":817,"column":36},"end":{"line":817,"column":43}},"496":{"start":{"line":819,"column":79},"end":{"line":819,"column":83}},"497":{"start":{"line":821,"column":16},"end":{"line":821,"column":163}},"498":{"start":{"line":821,"column":29},"end":{"line":821,"column":111}},"499":{"start":{"line":824,"column":12},"end":{"line":831,"column":14}},"500":{"start":{"line":826,"column":36},"end":{"line":826,"column":43}},"501":{"start":{"line":828,"column":79},"end":{"line":828,"column":83}},"502":{"start":{"line":830,"column":16},"end":{"line":830,"column":149}},"503":{"start":{"line":830,"column":29},"end":{"line":830,"column":105}},"504":{"start":{"line":833,"column":12},"end":{"line":840,"column":14}},"505":{"start":{"line":835,"column":36},"end":{"line":835,"column":43}},"506":{"start":{"line":837,"column":79},"end":{"line":837,"column":83}},"507":{"start":{"line":839,"column":16},"end":{"line":839,"column":151}},"508":{"start":{"line":839,"column":29},"end":{"line":839,"column":106}},"509":{"start":{"line":842,"column":12},"end":{"line":849,"column":14}},"510":{"start":{"line":844,"column":36},"end":{"line":844,"column":43}},"511":{"start":{"line":846,"column":79},"end":{"line":846,"column":83}},"512":{"start":{"line":848,"column":16},"end":{"line":848,"column":152}},"513":{"start":{"line":848,"column":29},"end":{"line":848,"column":108}},"514":{"start":{"line":851,"column":12},"end":{"line":858,"column":14}},"515":{"start":{"line":853,"column":36},"end":{"line":853,"column":43}},"516":{"start":{"line":855,"column":79},"end":{"line":855,"column":83}},"517":{"start":{"line":857,"column":16},"end":{"line":857,"column":174}},"518":{"start":{"line":857,"column":29},"end":{"line":857,"column":118}},"519":{"start":{"line":862,"column":12},"end":{"line":897,"column":14}},"520":{"start":{"line":865,"column":16},"end":{"line":869,"column":18}},"521":{"start":{"line":866,"column":20},"end":{"line":866,"column":145}},"522":{"start":{"line":868,"column":20},"end":{"line":868,"column":38}},"523":{"start":{"line":871,"column":16},"end":{"line":896,"column":18}},"524":{"start":{"line":872,"column":83},"end":{"line":872,"column":88}},"525":{"start":{"line":873,"column":40},"end":{"line":873,"column":45}},"526":{"start":{"line":875,"column":40},"end":{"line":875,"column":48}},"527":{"start":{"line":877,"column":20},"end":{"line":895,"column":21}},"528":{"start":{"line":878,"column":36},"end":{"line":878,"column":126}},"529":{"start":{"line":880,"column":24},"end":{"line":880,"column":40}},"530":{"start":{"line":882,"column":24},"end":{"line":882,"column":48}},"531":{"start":{"line":884,"column":24},"end":{"line":884,"column":72}},"532":{"start":{"line":886,"column":38},"end":{"line":886,"column":61}},"533":{"start":{"line":887,"column":24},"end":{"line":887,"column":32}},"534":{"start":{"line":888,"column":24},"end":{"line":888,"column":53}},"535":{"start":{"line":889,"column":24},"end":{"line":889,"column":57}},"536":{"start":{"line":890,"column":24},"end":{"line":890,"column":57}},"537":{"start":{"line":891,"column":24},"end":{"line":891,"column":63}},"538":{"start":{"line":892,"column":24},"end":{"line":892,"column":59}},"539":{"start":{"line":893,"column":24},"end":{"line":893,"column":65}},"540":{"start":{"line":894,"column":24},"end":{"line":894,"column":65}},"541":{"start":{"line":902,"column":4},"end":{"line":1074,"column":6}},"542":{"start":{"line":906,"column":8},"end":{"line":935,"column":10}},"543":{"start":{"line":908,"column":12},"end":{"line":908,"column":172}},"544":{"start":{"line":910,"column":12},"end":{"line":910,"column":33}},"545":{"start":{"line":912,"column":12},"end":{"line":912,"column":182}},"546":{"start":{"line":914,"column":12},"end":{"line":914,"column":33}},"547":{"start":{"line":916,"column":12},"end":{"line":916,"column":182}},"548":{"start":{"line":918,"column":12},"end":{"line":918,"column":33}},"549":{"start":{"line":920,"column":12},"end":{"line":920,"column":171}},"550":{"start":{"line":922,"column":12},"end":{"line":922,"column":33}},"551":{"start":{"line":925,"column":12},"end":{"line":925,"column":35}},"552":{"start":{"line":929,"column":12},"end":{"line":929,"column":142}},"553":{"start":{"line":931,"column":12},"end":{"line":931,"column":29}},"554":{"start":{"line":933,"column":12},"end":{"line":933,"column":28}},"555":{"start":{"line":937,"column":8},"end":{"line":970,"column":10}},"556":{"start":{"line":939,"column":12},"end":{"line":952,"column":14}},"557":{"start":{"line":941,"column":16},"end":{"line":950,"column":17}},"558":{"start":{"line":943,"column":20},"end":{"line":943,"column":53}},"559":{"start":{"line":947,"column":20},"end":{"line":947,"column":63}},"560":{"start":{"line":949,"column":20},"end":{"line":949,"column":70}},"561":{"start":{"line":954,"column":12},"end":{"line":968,"column":14}},"562":{"start":{"line":956,"column":16},"end":{"line":956,"column":57}},"563":{"start":{"line":958,"column":16},"end":{"line":966,"column":17}},"564":{"start":{"line":959,"column":20},"end":{"line":959,"column":53}},"565":{"start":{"line":963,"column":20},"end":{"line":963,"column":63}},"566":{"start":{"line":965,"column":20},"end":{"line":965,"column":70}},"567":{"start":{"line":972,"column":8},"end":{"line":1073,"column":10}},"568":{"start":{"line":974,"column":12},"end":{"line":978,"column":14}},"569":{"start":{"line":976,"column":16},"end":{"line":976,"column":67}},"570":{"start":{"line":981,"column":12},"end":{"line":992,"column":14}},"571":{"start":{"line":983,"column":16},"end":{"line":983,"column":127}},"572":{"start":{"line":983,"column":29},"end":{"line":983,"column":77}},"573":{"start":{"line":990,"column":16},"end":{"line":990,"column":117}},"574":{"start":{"line":990,"column":29},"end":{"line":990,"column":72}},"575":{"start":{"line":995,"column":12},"end":{"line":999,"column":14}},"576":{"start":{"line":997,"column":16},"end":{"line":997,"column":123}},"577":{"start":{"line":997,"column":29},"end":{"line":997,"column":77}},"578":{"start":{"line":1002,"column":12},"end":{"line":1005,"column":14}},"579":{"start":{"line":1004,"column":16},"end":{"line":1004,"column":115}},"580":{"start":{"line":1004,"column":29},"end":{"line":1004,"column":71}},"581":{"start":{"line":1008,"column":12},"end":{"line":1011,"column":14}},"582":{"start":{"line":1010,"column":16},"end":{"line":1010,"column":117}},"583":{"start":{"line":1010,"column":29},"end":{"line":1010,"column":72}},"584":{"start":{"line":1014,"column":12},"end":{"line":1017,"column":14}},"585":{"start":{"line":1016,"column":16},"end":{"line":1016,"column":118}},"586":{"start":{"line":1016,"column":29},"end":{"line":1016,"column":74}},"587":{"start":{"line":1020,"column":12},"end":{"line":1023,"column":14}},"588":{"start":{"line":1022,"column":16},"end":{"line":1022,"column":140}},"589":{"start":{"line":1022,"column":29},"end":{"line":1022,"column":84}},"590":{"start":{"line":1028,"column":12},"end":{"line":1039,"column":14}},"591":{"start":{"line":1030,"column":16},"end":{"line":1030,"column":124}},"592":{"start":{"line":1030,"column":29},"end":{"line":1030,"column":74}},"593":{"start":{"line":1037,"column":16},"end":{"line":1037,"column":114}},"594":{"start":{"line":1037,"column":29},"end":{"line":1037,"column":69}},"595":{"start":{"line":1042,"column":12},"end":{"line":1046,"column":14}},"596":{"start":{"line":1044,"column":16},"end":{"line":1044,"column":127}},"597":{"start":{"line":1044,"column":29},"end":{"line":1044,"column":74}},"598":{"start":{"line":1049,"column":12},"end":{"line":1052,"column":14}},"599":{"start":{"line":1051,"column":16},"end":{"line":1051,"column":112}},"600":{"start":{"line":1051,"column":29},"end":{"line":1051,"column":68}},"601":{"start":{"line":1055,"column":12},"end":{"line":1058,"column":14}},"602":{"start":{"line":1057,"column":16},"end":{"line":1057,"column":114}},"603":{"start":{"line":1057,"column":29},"end":{"line":1057,"column":69}},"604":{"start":{"line":1061,"column":12},"end":{"line":1064,"column":14}},"605":{"start":{"line":1063,"column":16},"end":{"line":1063,"column":115}},"606":{"start":{"line":1063,"column":29},"end":{"line":1063,"column":71}},"607":{"start":{"line":1067,"column":12},"end":{"line":1070,"column":14}},"608":{"start":{"line":1069,"column":16},"end":{"line":1069,"column":137}},"609":{"start":{"line":1069,"column":29},"end":{"line":1069,"column":81}},"610":{"start":{"line":1076,"column":4},"end":{"line":1076,"column":53}},"611":{"start":{"line":1076,"column":20},"end":{"line":1076,"column":52}},"612":{"start":{"line":1078,"column":4},"end":{"line":1078,"column":38}},"613":{"start":{"line":1078,"column":16},"end":{"line":1078,"column":37}}},"fnMap":{"0":{"name":"(anonymous_0)","decl":{"start":{"line":17,"column":18},"end":{"line":17,"column":19}},"loc":{"start":{"line":17,"column":24},"end":{"line":1080,"column":1}},"line":17},"1":{"name":"(anonymous_1)","decl":{"start":{"line":18,"column":11},"end":{"line":18,"column":12}},"loc":{"start":{"line":18,"column":17},"end":{"line":18,"column":93}},"line":18},"2":{"name":"(anonymous_2)","decl":{"start":{"line":20,"column":15},"end":{"line":20,"column":16}},"loc":{"start":{"line":20,"column":21},"end":{"line":20,"column":53}},"line":20},"3":{"name":"(anonymous_3)","decl":{"start":{"line":22,"column":21},"end":{"line":22,"column":22}},"loc":{"start":{"line":22,"column":27},"end":{"line":899,"column":5}},"line":22},"4":{"name":"(anonymous_4)","decl":{"start":{"line":23,"column":29},"end":{"line":23,"column":30}},"loc":{"start":{"line":23,"column":35},"end":{"line":282,"column":9}},"line":23},"5":{"name":"(anonymous_5)","decl":{"start":{"line":26,"column":23},"end":{"line":26,"column":24}},"loc":{"start":{"line":26,"column":29},"end":{"line":34,"column":13}},"line":26},"6":{"name":"(anonymous_6)","decl":{"start":{"line":36,"column":49},"end":{"line":36,"column":50}},"loc":{"start":{"line":36,"column":61},"end":{"line":55,"column":13}},"line":36},"7":{"name":"(anonymous_7)","decl":{"start":{"line":57,"column":48},"end":{"line":57,"column":49}},"loc":{"start":{"line":57,"column":54},"end":{"line":59,"column":13}},"line":57},"8":{"name":"(anonymous_8)","decl":{"start":{"line":58,"column":23},"end":{"line":58,"column":24}},"loc":{"start":{"line":58,"column":29},"end":{"line":58,"column":100}},"line":58},"9":{"name":"(anonymous_9)","decl":{"start":{"line":61,"column":44},"end":{"line":61,"column":45}},"loc":{"start":{"line":61,"column":50},"end":{"line":63,"column":13}},"line":61},"10":{"name":"(anonymous_10)","decl":{"start":{"line":62,"column":23},"end":{"line":62,"column":24}},"loc":{"start":{"line":62,"column":29},"end":{"line":62,"column":93}},"line":62},"11":{"name":"(anonymous_11)","decl":{"start":{"line":65,"column":44},"end":{"line":65,"column":45}},"loc":{"start":{"line":65,"column":50},"end":{"line":67,"column":13}},"line":65},"12":{"name":"(anonymous_12)","decl":{"start":{"line":66,"column":23},"end":{"line":66,"column":24}},"loc":{"start":{"line":66,"column":29},"end":{"line":66,"column":100}},"line":66},"13":{"name":"(anonymous_13)","decl":{"start":{"line":69,"column":45},"end":{"line":69,"column":46}},"loc":{"start":{"line":69,"column":51},"end":{"line":71,"column":13}},"line":69},"14":{"name":"(anonymous_14)","decl":{"start":{"line":70,"column":23},"end":{"line":70,"column":24}},"loc":{"start":{"line":70,"column":29},"end":{"line":70,"column":94}},"line":70},"15":{"name":"(anonymous_15)","decl":{"start":{"line":73,"column":46},"end":{"line":73,"column":47}},"loc":{"start":{"line":73,"column":52},"end":{"line":75,"column":13}},"line":73},"16":{"name":"(anonymous_16)","decl":{"start":{"line":74,"column":23},"end":{"line":74,"column":24}},"loc":{"start":{"line":74,"column":29},"end":{"line":74,"column":95}},"line":74},"17":{"name":"(anonymous_17)","decl":{"start":{"line":77,"column":44},"end":{"line":77,"column":45}},"loc":{"start":{"line":77,"column":50},"end":{"line":79,"column":13}},"line":77},"18":{"name":"(anonymous_18)","decl":{"start":{"line":78,"column":23},"end":{"line":78,"column":24}},"loc":{"start":{"line":78,"column":29},"end":{"line":78,"column":105}},"line":78},"19":{"name":"(anonymous_19)","decl":{"start":{"line":81,"column":45},"end":{"line":81,"column":46}},"loc":{"start":{"line":81,"column":51},"end":{"line":83,"column":13}},"line":81},"20":{"name":"(anonymous_20)","decl":{"start":{"line":82,"column":23},"end":{"line":82,"column":24}},"loc":{"start":{"line":82,"column":29},"end":{"line":82,"column":107}},"line":82},"21":{"name":"(anonymous_21)","decl":{"start":{"line":87,"column":48},"end":{"line":87,"column":49}},"loc":{"start":{"line":87,"column":54},"end":{"line":89,"column":13}},"line":87},"22":{"name":"(anonymous_22)","decl":{"start":{"line":88,"column":23},"end":{"line":88,"column":24}},"loc":{"start":{"line":88,"column":29},"end":{"line":88,"column":100}},"line":88},"23":{"name":"(anonymous_23)","decl":{"start":{"line":91,"column":44},"end":{"line":91,"column":45}},"loc":{"start":{"line":91,"column":50},"end":{"line":93,"column":13}},"line":91},"24":{"name":"(anonymous_24)","decl":{"start":{"line":92,"column":23},"end":{"line":92,"column":24}},"loc":{"start":{"line":92,"column":29},"end":{"line":92,"column":93}},"line":92},"25":{"name":"(anonymous_25)","decl":{"start":{"line":95,"column":44},"end":{"line":95,"column":45}},"loc":{"start":{"line":95,"column":50},"end":{"line":97,"column":13}},"line":95},"26":{"name":"(anonymous_26)","decl":{"start":{"line":96,"column":23},"end":{"line":96,"column":24}},"loc":{"start":{"line":96,"column":29},"end":{"line":96,"column":100}},"line":96},"27":{"name":"(anonymous_27)","decl":{"start":{"line":99,"column":45},"end":{"line":99,"column":46}},"loc":{"start":{"line":99,"column":51},"end":{"line":101,"column":13}},"line":99},"28":{"name":"(anonymous_28)","decl":{"start":{"line":100,"column":23},"end":{"line":100,"column":24}},"loc":{"start":{"line":100,"column":29},"end":{"line":100,"column":94}},"line":100},"29":{"name":"(anonymous_29)","decl":{"start":{"line":103,"column":46},"end":{"line":103,"column":47}},"loc":{"start":{"line":103,"column":52},"end":{"line":105,"column":13}},"line":103},"30":{"name":"(anonymous_30)","decl":{"start":{"line":104,"column":23},"end":{"line":104,"column":24}},"loc":{"start":{"line":104,"column":29},"end":{"line":104,"column":95}},"line":104},"31":{"name":"(anonymous_31)","decl":{"start":{"line":107,"column":44},"end":{"line":107,"column":45}},"loc":{"start":{"line":107,"column":50},"end":{"line":109,"column":13}},"line":107},"32":{"name":"(anonymous_32)","decl":{"start":{"line":108,"column":23},"end":{"line":108,"column":24}},"loc":{"start":{"line":108,"column":29},"end":{"line":108,"column":105}},"line":108},"33":{"name":"(anonymous_33)","decl":{"start":{"line":111,"column":45},"end":{"line":111,"column":46}},"loc":{"start":{"line":111,"column":51},"end":{"line":113,"column":13}},"line":111},"34":{"name":"(anonymous_34)","decl":{"start":{"line":112,"column":23},"end":{"line":112,"column":24}},"loc":{"start":{"line":112,"column":29},"end":{"line":112,"column":107}},"line":112},"35":{"name":"(anonymous_35)","decl":{"start":{"line":117,"column":51},"end":{"line":117,"column":52}},"loc":{"start":{"line":117,"column":57},"end":{"line":119,"column":13}},"line":117},"36":{"name":"(anonymous_36)","decl":{"start":{"line":118,"column":23},"end":{"line":118,"column":24}},"loc":{"start":{"line":118,"column":29},"end":{"line":118,"column":97}},"line":118},"37":{"name":"(anonymous_37)","decl":{"start":{"line":121,"column":47},"end":{"line":121,"column":48}},"loc":{"start":{"line":121,"column":53},"end":{"line":123,"column":13}},"line":121},"38":{"name":"(anonymous_38)","decl":{"start":{"line":122,"column":23},"end":{"line":122,"column":24}},"loc":{"start":{"line":122,"column":29},"end":{"line":122,"column":90}},"line":122},"39":{"name":"(anonymous_39)","decl":{"start":{"line":125,"column":47},"end":{"line":125,"column":48}},"loc":{"start":{"line":125,"column":53},"end":{"line":127,"column":13}},"line":125},"40":{"name":"(anonymous_40)","decl":{"start":{"line":126,"column":23},"end":{"line":126,"column":24}},"loc":{"start":{"line":126,"column":29},"end":{"line":126,"column":97}},"line":126},"41":{"name":"(anonymous_41)","decl":{"start":{"line":129,"column":48},"end":{"line":129,"column":49}},"loc":{"start":{"line":129,"column":54},"end":{"line":131,"column":13}},"line":129},"42":{"name":"(anonymous_42)","decl":{"start":{"line":130,"column":23},"end":{"line":130,"column":24}},"loc":{"start":{"line":130,"column":29},"end":{"line":130,"column":91}},"line":130},"43":{"name":"(anonymous_43)","decl":{"start":{"line":133,"column":49},"end":{"line":133,"column":50}},"loc":{"start":{"line":133,"column":55},"end":{"line":135,"column":13}},"line":133},"44":{"name":"(anonymous_44)","decl":{"start":{"line":134,"column":23},"end":{"line":134,"column":24}},"loc":{"start":{"line":134,"column":29},"end":{"line":134,"column":92}},"line":134},"45":{"name":"(anonymous_45)","decl":{"start":{"line":137,"column":47},"end":{"line":137,"column":48}},"loc":{"start":{"line":137,"column":53},"end":{"line":139,"column":13}},"line":137},"46":{"name":"(anonymous_46)","decl":{"start":{"line":138,"column":23},"end":{"line":138,"column":24}},"loc":{"start":{"line":138,"column":29},"end":{"line":138,"column":102}},"line":138},"47":{"name":"(anonymous_47)","decl":{"start":{"line":141,"column":48},"end":{"line":141,"column":49}},"loc":{"start":{"line":141,"column":54},"end":{"line":143,"column":13}},"line":141},"48":{"name":"(anonymous_48)","decl":{"start":{"line":142,"column":23},"end":{"line":142,"column":24}},"loc":{"start":{"line":142,"column":29},"end":{"line":142,"column":104}},"line":142},"49":{"name":"(anonymous_49)","decl":{"start":{"line":147,"column":49},"end":{"line":147,"column":50}},"loc":{"start":{"line":147,"column":55},"end":{"line":149,"column":13}},"line":147},"50":{"name":"(anonymous_50)","decl":{"start":{"line":148,"column":23},"end":{"line":148,"column":24}},"loc":{"start":{"line":148,"column":29},"end":{"line":148,"column":99}},"line":148},"51":{"name":"(anonymous_51)","decl":{"start":{"line":151,"column":45},"end":{"line":151,"column":46}},"loc":{"start":{"line":151,"column":51},"end":{"line":153,"column":13}},"line":151},"52":{"name":"(anonymous_52)","decl":{"start":{"line":152,"column":23},"end":{"line":152,"column":24}},"loc":{"start":{"line":152,"column":29},"end":{"line":152,"column":92}},"line":152},"53":{"name":"(anonymous_53)","decl":{"start":{"line":155,"column":45},"end":{"line":155,"column":46}},"loc":{"start":{"line":155,"column":51},"end":{"line":157,"column":13}},"line":155},"54":{"name":"(anonymous_54)","decl":{"start":{"line":156,"column":23},"end":{"line":156,"column":24}},"loc":{"start":{"line":156,"column":29},"end":{"line":156,"column":99}},"line":156},"55":{"name":"(anonymous_55)","decl":{"start":{"line":159,"column":46},"end":{"line":159,"column":47}},"loc":{"start":{"line":159,"column":52},"end":{"line":161,"column":13}},"line":159},"56":{"name":"(anonymous_56)","decl":{"start":{"line":160,"column":23},"end":{"line":160,"column":24}},"loc":{"start":{"line":160,"column":29},"end":{"line":160,"column":93}},"line":160},"57":{"name":"(anonymous_57)","decl":{"start":{"line":163,"column":47},"end":{"line":163,"column":48}},"loc":{"start":{"line":163,"column":53},"end":{"line":165,"column":13}},"line":163},"58":{"name":"(anonymous_58)","decl":{"start":{"line":164,"column":23},"end":{"line":164,"column":24}},"loc":{"start":{"line":164,"column":29},"end":{"line":164,"column":94}},"line":164},"59":{"name":"(anonymous_59)","decl":{"start":{"line":167,"column":45},"end":{"line":167,"column":46}},"loc":{"start":{"line":167,"column":51},"end":{"line":169,"column":13}},"line":167},"60":{"name":"(anonymous_60)","decl":{"start":{"line":168,"column":23},"end":{"line":168,"column":24}},"loc":{"start":{"line":168,"column":29},"end":{"line":168,"column":104}},"line":168},"61":{"name":"(anonymous_61)","decl":{"start":{"line":171,"column":46},"end":{"line":171,"column":47}},"loc":{"start":{"line":171,"column":52},"end":{"line":173,"column":13}},"line":171},"62":{"name":"(anonymous_62)","decl":{"start":{"line":172,"column":23},"end":{"line":172,"column":24}},"loc":{"start":{"line":172,"column":29},"end":{"line":172,"column":106}},"line":172},"63":{"name":"(anonymous_63)","decl":{"start":{"line":177,"column":52},"end":{"line":177,"column":53}},"loc":{"start":{"line":177,"column":58},"end":{"line":179,"column":13}},"line":177},"64":{"name":"(anonymous_64)","decl":{"start":{"line":178,"column":23},"end":{"line":178,"column":24}},"loc":{"start":{"line":178,"column":29},"end":{"line":178,"column":96}},"line":178},"65":{"name":"(anonymous_65)","decl":{"start":{"line":181,"column":48},"end":{"line":181,"column":49}},"loc":{"start":{"line":181,"column":54},"end":{"line":183,"column":13}},"line":181},"66":{"name":"(anonymous_66)","decl":{"start":{"line":182,"column":23},"end":{"line":182,"column":24}},"loc":{"start":{"line":182,"column":29},"end":{"line":182,"column":89}},"line":182},"67":{"name":"(anonymous_67)","decl":{"start":{"line":185,"column":48},"end":{"line":185,"column":49}},"loc":{"start":{"line":185,"column":54},"end":{"line":187,"column":13}},"line":185},"68":{"name":"(anonymous_68)","decl":{"start":{"line":186,"column":23},"end":{"line":186,"column":24}},"loc":{"start":{"line":186,"column":29},"end":{"line":186,"column":96}},"line":186},"69":{"name":"(anonymous_69)","decl":{"start":{"line":189,"column":49},"end":{"line":189,"column":50}},"loc":{"start":{"line":189,"column":55},"end":{"line":191,"column":13}},"line":189},"70":{"name":"(anonymous_70)","decl":{"start":{"line":190,"column":23},"end":{"line":190,"column":24}},"loc":{"start":{"line":190,"column":29},"end":{"line":190,"column":89}},"line":190},"71":{"name":"(anonymous_71)","decl":{"start":{"line":193,"column":50},"end":{"line":193,"column":51}},"loc":{"start":{"line":193,"column":56},"end":{"line":193,"column":176}},"line":193},"72":{"name":"(anonymous_72)","decl":{"start":{"line":193,"column":63},"end":{"line":193,"column":64}},"loc":{"start":{"line":193,"column":69},"end":{"line":193,"column":131}},"line":193},"73":{"name":"(anonymous_73)","decl":{"start":{"line":195,"column":48},"end":{"line":195,"column":49}},"loc":{"start":{"line":195,"column":54},"end":{"line":197,"column":13}},"line":195},"74":{"name":"(anonymous_74)","decl":{"start":{"line":196,"column":23},"end":{"line":196,"column":24}},"loc":{"start":{"line":196,"column":29},"end":{"line":196,"column":101}},"line":196},"75":{"name":"(anonymous_75)","decl":{"start":{"line":199,"column":49},"end":{"line":199,"column":50}},"loc":{"start":{"line":199,"column":55},"end":{"line":201,"column":13}},"line":199},"76":{"name":"(anonymous_76)","decl":{"start":{"line":200,"column":23},"end":{"line":200,"column":24}},"loc":{"start":{"line":200,"column":29},"end":{"line":200,"column":103}},"line":200},"77":{"name":"(anonymous_77)","decl":{"start":{"line":205,"column":52},"end":{"line":205,"column":53}},"loc":{"start":{"line":205,"column":58},"end":{"line":207,"column":13}},"line":205},"78":{"name":"(anonymous_78)","decl":{"start":{"line":206,"column":23},"end":{"line":206,"column":24}},"loc":{"start":{"line":206,"column":29},"end":{"line":206,"column":97}},"line":206},"79":{"name":"(anonymous_79)","decl":{"start":{"line":209,"column":48},"end":{"line":209,"column":49}},"loc":{"start":{"line":209,"column":54},"end":{"line":211,"column":13}},"line":209},"80":{"name":"(anonymous_80)","decl":{"start":{"line":210,"column":23},"end":{"line":210,"column":24}},"loc":{"start":{"line":210,"column":29},"end":{"line":210,"column":90}},"line":210},"81":{"name":"(anonymous_81)","decl":{"start":{"line":213,"column":48},"end":{"line":213,"column":49}},"loc":{"start":{"line":213,"column":54},"end":{"line":215,"column":13}},"line":213},"82":{"name":"(anonymous_82)","decl":{"start":{"line":214,"column":23},"end":{"line":214,"column":24}},"loc":{"start":{"line":214,"column":29},"end":{"line":214,"column":97}},"line":214},"83":{"name":"(anonymous_83)","decl":{"start":{"line":217,"column":49},"end":{"line":217,"column":50}},"loc":{"start":{"line":217,"column":55},"end":{"line":219,"column":13}},"line":217},"84":{"name":"(anonymous_84)","decl":{"start":{"line":218,"column":23},"end":{"line":218,"column":24}},"loc":{"start":{"line":218,"column":29},"end":{"line":218,"column":90}},"line":218},"85":{"name":"(anonymous_85)","decl":{"start":{"line":221,"column":50},"end":{"line":221,"column":51}},"loc":{"start":{"line":221,"column":56},"end":{"line":223,"column":13}},"line":221},"86":{"name":"(anonymous_86)","decl":{"start":{"line":222,"column":23},"end":{"line":222,"column":24}},"loc":{"start":{"line":222,"column":29},"end":{"line":222,"column":91}},"line":222},"87":{"name":"(anonymous_87)","decl":{"start":{"line":225,"column":48},"end":{"line":225,"column":49}},"loc":{"start":{"line":225,"column":54},"end":{"line":227,"column":13}},"line":225},"88":{"name":"(anonymous_88)","decl":{"start":{"line":226,"column":23},"end":{"line":226,"column":24}},"loc":{"start":{"line":226,"column":29},"end":{"line":226,"column":101}},"line":226},"89":{"name":"(anonymous_89)","decl":{"start":{"line":229,"column":49},"end":{"line":229,"column":50}},"loc":{"start":{"line":229,"column":55},"end":{"line":231,"column":13}},"line":229},"90":{"name":"(anonymous_90)","decl":{"start":{"line":230,"column":23},"end":{"line":230,"column":24}},"loc":{"start":{"line":230,"column":29},"end":{"line":230,"column":103}},"line":230},"91":{"name":"(anonymous_91)","decl":{"start":{"line":248,"column":55},"end":{"line":248,"column":56}},"loc":{"start":{"line":248,"column":67},"end":{"line":263,"column":13}},"line":248},"92":{"name":"(anonymous_92)","decl":{"start":{"line":265,"column":58},"end":{"line":265,"column":59}},"loc":{"start":{"line":265,"column":70},"end":{"line":281,"column":13}},"line":265},"93":{"name":"(anonymous_93)","decl":{"start":{"line":286,"column":33},"end":{"line":286,"column":34}},"loc":{"start":{"line":286,"column":39},"end":{"line":393,"column":9}},"line":286},"94":{"name":"(anonymous_94)","decl":{"start":{"line":290,"column":23},"end":{"line":290,"column":24}},"loc":{"start":{"line":290,"column":29},"end":{"line":290,"column":160}},"line":290},"95":{"name":"(anonymous_95)","decl":{"start":{"line":293,"column":61},"end":{"line":293,"column":62}},"loc":{"start":{"line":293,"column":73},"end":{"line":306,"column":13}},"line":293},"96":{"name":"(anonymous_96)","decl":{"start":{"line":309,"column":52},"end":{"line":309,"column":53}},"loc":{"start":{"line":309,"column":58},"end":{"line":311,"column":13}},"line":309},"97":{"name":"(anonymous_97)","decl":{"start":{"line":310,"column":23},"end":{"line":310,"column":24}},"loc":{"start":{"line":310,"column":29},"end":{"line":310,"column":77}},"line":310},"98":{"name":"(anonymous_98)","decl":{"start":{"line":313,"column":48},"end":{"line":313,"column":49}},"loc":{"start":{"line":313,"column":54},"end":{"line":315,"column":13}},"line":313},"99":{"name":"(anonymous_99)","decl":{"start":{"line":314,"column":23},"end":{"line":314,"column":24}},"loc":{"start":{"line":314,"column":29},"end":{"line":314,"column":70}},"line":314},"100":{"name":"(anonymous_100)","decl":{"start":{"line":317,"column":48},"end":{"line":317,"column":49}},"loc":{"start":{"line":317,"column":54},"end":{"line":319,"column":13}},"line":317},"101":{"name":"(anonymous_101)","decl":{"start":{"line":318,"column":23},"end":{"line":318,"column":24}},"loc":{"start":{"line":318,"column":29},"end":{"line":318,"column":77}},"line":318},"102":{"name":"(anonymous_102)","decl":{"start":{"line":321,"column":49},"end":{"line":321,"column":50}},"loc":{"start":{"line":321,"column":55},"end":{"line":323,"column":13}},"line":321},"103":{"name":"(anonymous_103)","decl":{"start":{"line":322,"column":23},"end":{"line":322,"column":24}},"loc":{"start":{"line":322,"column":29},"end":{"line":322,"column":71}},"line":322},"104":{"name":"(anonymous_104)","decl":{"start":{"line":325,"column":50},"end":{"line":325,"column":51}},"loc":{"start":{"line":325,"column":56},"end":{"line":327,"column":13}},"line":325},"105":{"name":"(anonymous_105)","decl":{"start":{"line":326,"column":23},"end":{"line":326,"column":24}},"loc":{"start":{"line":326,"column":29},"end":{"line":326,"column":72}},"line":326},"106":{"name":"(anonymous_106)","decl":{"start":{"line":329,"column":48},"end":{"line":329,"column":49}},"loc":{"start":{"line":329,"column":54},"end":{"line":331,"column":13}},"line":329},"107":{"name":"(anonymous_107)","decl":{"start":{"line":330,"column":23},"end":{"line":330,"column":24}},"loc":{"start":{"line":330,"column":29},"end":{"line":330,"column":82}},"line":330},"108":{"name":"(anonymous_108)","decl":{"start":{"line":333,"column":49},"end":{"line":333,"column":50}},"loc":{"start":{"line":333,"column":55},"end":{"line":335,"column":13}},"line":333},"109":{"name":"(anonymous_109)","decl":{"start":{"line":334,"column":23},"end":{"line":334,"column":24}},"loc":{"start":{"line":334,"column":29},"end":{"line":334,"column":84}},"line":334},"110":{"name":"(anonymous_110)","decl":{"start":{"line":337,"column":52},"end":{"line":337,"column":53}},"loc":{"start":{"line":337,"column":58},"end":{"line":339,"column":13}},"line":337},"111":{"name":"(anonymous_111)","decl":{"start":{"line":338,"column":23},"end":{"line":338,"column":24}},"loc":{"start":{"line":338,"column":29},"end":{"line":338,"column":77}},"line":338},"112":{"name":"(anonymous_112)","decl":{"start":{"line":341,"column":48},"end":{"line":341,"column":49}},"loc":{"start":{"line":341,"column":54},"end":{"line":343,"column":13}},"line":341},"113":{"name":"(anonymous_113)","decl":{"start":{"line":342,"column":23},"end":{"line":342,"column":24}},"loc":{"start":{"line":342,"column":29},"end":{"line":342,"column":70}},"line":342},"114":{"name":"(anonymous_114)","decl":{"start":{"line":345,"column":48},"end":{"line":345,"column":49}},"loc":{"start":{"line":345,"column":54},"end":{"line":347,"column":13}},"line":345},"115":{"name":"(anonymous_115)","decl":{"start":{"line":346,"column":23},"end":{"line":346,"column":24}},"loc":{"start":{"line":346,"column":29},"end":{"line":346,"column":77}},"line":346},"116":{"name":"(anonymous_116)","decl":{"start":{"line":349,"column":49},"end":{"line":349,"column":50}},"loc":{"start":{"line":349,"column":55},"end":{"line":351,"column":13}},"line":349},"117":{"name":"(anonymous_117)","decl":{"start":{"line":350,"column":23},"end":{"line":350,"column":24}},"loc":{"start":{"line":350,"column":29},"end":{"line":350,"column":71}},"line":350},"118":{"name":"(anonymous_118)","decl":{"start":{"line":353,"column":50},"end":{"line":353,"column":51}},"loc":{"start":{"line":353,"column":56},"end":{"line":355,"column":13}},"line":353},"119":{"name":"(anonymous_119)","decl":{"start":{"line":354,"column":23},"end":{"line":354,"column":24}},"loc":{"start":{"line":354,"column":29},"end":{"line":354,"column":72}},"line":354},"120":{"name":"(anonymous_120)","decl":{"start":{"line":357,"column":48},"end":{"line":357,"column":49}},"loc":{"start":{"line":357,"column":54},"end":{"line":359,"column":13}},"line":357},"121":{"name":"(anonymous_121)","decl":{"start":{"line":358,"column":23},"end":{"line":358,"column":24}},"loc":{"start":{"line":358,"column":29},"end":{"line":358,"column":82}},"line":358},"122":{"name":"(anonymous_122)","decl":{"start":{"line":361,"column":49},"end":{"line":361,"column":50}},"loc":{"start":{"line":361,"column":55},"end":{"line":363,"column":13}},"line":361},"123":{"name":"(anonymous_123)","decl":{"start":{"line":362,"column":23},"end":{"line":362,"column":24}},"loc":{"start":{"line":362,"column":29},"end":{"line":362,"column":84}},"line":362},"124":{"name":"(anonymous_124)","decl":{"start":{"line":365,"column":52},"end":{"line":365,"column":53}},"loc":{"start":{"line":365,"column":64},"end":{"line":377,"column":13}},"line":365},"125":{"name":"(anonymous_125)","decl":{"start":{"line":379,"column":51},"end":{"line":379,"column":52}},"loc":{"start":{"line":379,"column":63},"end":{"line":391,"column":13}},"line":379},"126":{"name":"(anonymous_126)","decl":{"start":{"line":397,"column":29},"end":{"line":397,"column":30}},"loc":{"start":{"line":397,"column":35},"end":{"line":454,"column":9}},"line":397},"127":{"name":"(anonymous_127)","decl":{"start":{"line":400,"column":23},"end":{"line":400,"column":24}},"loc":{"start":{"line":400,"column":35},"end":{"line":404,"column":13}},"line":400},"128":{"name":"(anonymous_128)","decl":{"start":{"line":406,"column":45},"end":{"line":406,"column":46}},"loc":{"start":{"line":406,"column":57},"end":{"line":423,"column":13}},"line":406},"129":{"name":"(anonymous_129)","decl":{"start":{"line":425,"column":46},"end":{"line":425,"column":47}},"loc":{"start":{"line":425,"column":52},"end":{"line":429,"column":13}},"line":425},"130":{"name":"(anonymous_130)","decl":{"start":{"line":428,"column":23},"end":{"line":428,"column":24}},"loc":{"start":{"line":428,"column":29},"end":{"line":428,"column":58}},"line":428},"131":{"name":"(anonymous_131)","decl":{"start":{"line":431,"column":41},"end":{"line":431,"column":42}},"loc":{"start":{"line":431,"column":47},"end":{"line":433,"column":13}},"line":431},"132":{"name":"(anonymous_132)","decl":{"start":{"line":432,"column":23},"end":{"line":432,"column":24}},"loc":{"start":{"line":432,"column":29},"end":{"line":432,"column":97}},"line":432},"133":{"name":"(anonymous_133)","decl":{"start":{"line":435,"column":42},"end":{"line":435,"column":43}},"loc":{"start":{"line":435,"column":48},"end":{"line":437,"column":13}},"line":435},"134":{"name":"(anonymous_134)","decl":{"start":{"line":436,"column":23},"end":{"line":436,"column":24}},"loc":{"start":{"line":436,"column":29},"end":{"line":436,"column":104}},"line":436},"135":{"name":"(anonymous_135)","decl":{"start":{"line":439,"column":43},"end":{"line":439,"column":44}},"loc":{"start":{"line":439,"column":49},"end":{"line":441,"column":13}},"line":439},"136":{"name":"(anonymous_136)","decl":{"start":{"line":440,"column":23},"end":{"line":440,"column":24}},"loc":{"start":{"line":440,"column":29},"end":{"line":440,"column":95}},"line":440},"137":{"name":"(anonymous_137)","decl":{"start":{"line":443,"column":44},"end":{"line":443,"column":45}},"loc":{"start":{"line":443,"column":50},"end":{"line":445,"column":13}},"line":443},"138":{"name":"(anonymous_138)","decl":{"start":{"line":444,"column":23},"end":{"line":444,"column":24}},"loc":{"start":{"line":444,"column":29},"end":{"line":444,"column":97}},"line":444},"139":{"name":"(anonymous_139)","decl":{"start":{"line":447,"column":42},"end":{"line":447,"column":43}},"loc":{"start":{"line":447,"column":48},"end":{"line":449,"column":13}},"line":447},"140":{"name":"(anonymous_140)","decl":{"start":{"line":448,"column":23},"end":{"line":448,"column":24}},"loc":{"start":{"line":448,"column":29},"end":{"line":448,"column":110}},"line":448},"141":{"name":"(anonymous_141)","decl":{"start":{"line":451,"column":43},"end":{"line":451,"column":44}},"loc":{"start":{"line":451,"column":49},"end":{"line":453,"column":13}},"line":451},"142":{"name":"(anonymous_142)","decl":{"start":{"line":452,"column":23},"end":{"line":452,"column":24}},"loc":{"start":{"line":452,"column":29},"end":{"line":452,"column":120}},"line":452},"143":{"name":"(anonymous_143)","decl":{"start":{"line":458,"column":27},"end":{"line":458,"column":28}},"loc":{"start":{"line":458,"column":33},"end":{"line":898,"column":9}},"line":458},"144":{"name":"(anonymous_144)","decl":{"start":{"line":461,"column":23},"end":{"line":461,"column":24}},"loc":{"start":{"line":461,"column":29},"end":{"line":461,"column":160}},"line":461},"145":{"name":"(anonymous_145)","decl":{"start":{"line":463,"column":61},"end":{"line":463,"column":62}},"loc":{"start":{"line":463,"column":73},"end":{"line":489,"column":13}},"line":463},"146":{"name":"(anonymous_146)","decl":{"start":{"line":491,"column":46},"end":{"line":491,"column":47}},"loc":{"start":{"line":491,"column":52},"end":{"line":495,"column":13}},"line":491},"147":{"name":"(anonymous_147)","decl":{"start":{"line":494,"column":23},"end":{"line":494,"column":24}},"loc":{"start":{"line":494,"column":29},"end":{"line":494,"column":117}},"line":494},"148":{"name":"(anonymous_148)","decl":{"start":{"line":497,"column":41},"end":{"line":497,"column":42}},"loc":{"start":{"line":497,"column":47},"end":{"line":501,"column":13}},"line":497},"149":{"name":"(anonymous_149)","decl":{"start":{"line":500,"column":23},"end":{"line":500,"column":24}},"loc":{"start":{"line":500,"column":29},"end":{"line":500,"column":112}},"line":500},"150":{"name":"(anonymous_150)","decl":{"start":{"line":503,"column":42},"end":{"line":503,"column":43}},"loc":{"start":{"line":503,"column":48},"end":{"line":507,"column":13}},"line":503},"151":{"name":"(anonymous_151)","decl":{"start":{"line":506,"column":23},"end":{"line":506,"column":24}},"loc":{"start":{"line":506,"column":29},"end":{"line":506,"column":117}},"line":506},"152":{"name":"(anonymous_152)","decl":{"start":{"line":509,"column":43},"end":{"line":509,"column":44}},"loc":{"start":{"line":509,"column":49},"end":{"line":513,"column":13}},"line":509},"153":{"name":"(anonymous_153)","decl":{"start":{"line":512,"column":23},"end":{"line":512,"column":24}},"loc":{"start":{"line":512,"column":29},"end":{"line":512,"column":111}},"line":512},"154":{"name":"(anonymous_154)","decl":{"start":{"line":515,"column":44},"end":{"line":515,"column":45}},"loc":{"start":{"line":515,"column":50},"end":{"line":519,"column":13}},"line":515},"155":{"name":"(anonymous_155)","decl":{"start":{"line":518,"column":23},"end":{"line":518,"column":24}},"loc":{"start":{"line":518,"column":29},"end":{"line":518,"column":112}},"line":518},"156":{"name":"(anonymous_156)","decl":{"start":{"line":521,"column":42},"end":{"line":521,"column":43}},"loc":{"start":{"line":521,"column":48},"end":{"line":525,"column":13}},"line":521},"157":{"name":"(anonymous_157)","decl":{"start":{"line":524,"column":23},"end":{"line":524,"column":24}},"loc":{"start":{"line":524,"column":29},"end":{"line":524,"column":114}},"line":524},"158":{"name":"(anonymous_158)","decl":{"start":{"line":527,"column":43},"end":{"line":527,"column":44}},"loc":{"start":{"line":527,"column":49},"end":{"line":531,"column":13}},"line":527},"159":{"name":"(anonymous_159)","decl":{"start":{"line":530,"column":23},"end":{"line":530,"column":24}},"loc":{"start":{"line":530,"column":29},"end":{"line":530,"column":124}},"line":530},"160":{"name":"(anonymous_160)","decl":{"start":{"line":535,"column":48},"end":{"line":535,"column":49}},"loc":{"start":{"line":535,"column":54},"end":{"line":539,"column":13}},"line":535},"161":{"name":"(anonymous_161)","decl":{"start":{"line":538,"column":23},"end":{"line":538,"column":24}},"loc":{"start":{"line":538,"column":29},"end":{"line":538,"column":117}},"line":538},"162":{"name":"(anonymous_162)","decl":{"start":{"line":541,"column":43},"end":{"line":541,"column":44}},"loc":{"start":{"line":541,"column":49},"end":{"line":545,"column":13}},"line":541},"163":{"name":"(anonymous_163)","decl":{"start":{"line":544,"column":23},"end":{"line":544,"column":24}},"loc":{"start":{"line":544,"column":29},"end":{"line":544,"column":110}},"line":544},"164":{"name":"(anonymous_164)","decl":{"start":{"line":547,"column":44},"end":{"line":547,"column":45}},"loc":{"start":{"line":547,"column":50},"end":{"line":551,"column":13}},"line":547},"165":{"name":"(anonymous_165)","decl":{"start":{"line":550,"column":23},"end":{"line":550,"column":24}},"loc":{"start":{"line":550,"column":29},"end":{"line":550,"column":115}},"line":550},"166":{"name":"(anonymous_166)","decl":{"start":{"line":553,"column":45},"end":{"line":553,"column":46}},"loc":{"start":{"line":553,"column":51},"end":{"line":557,"column":13}},"line":553},"167":{"name":"(anonymous_167)","decl":{"start":{"line":556,"column":23},"end":{"line":556,"column":24}},"loc":{"start":{"line":556,"column":29},"end":{"line":556,"column":109}},"line":556},"168":{"name":"(anonymous_168)","decl":{"start":{"line":559,"column":46},"end":{"line":559,"column":47}},"loc":{"start":{"line":559,"column":52},"end":{"line":563,"column":13}},"line":559},"169":{"name":"(anonymous_169)","decl":{"start":{"line":562,"column":23},"end":{"line":562,"column":24}},"loc":{"start":{"line":562,"column":29},"end":{"line":562,"column":110}},"line":562},"170":{"name":"(anonymous_170)","decl":{"start":{"line":565,"column":44},"end":{"line":565,"column":45}},"loc":{"start":{"line":565,"column":50},"end":{"line":569,"column":13}},"line":565},"171":{"name":"(anonymous_171)","decl":{"start":{"line":568,"column":23},"end":{"line":568,"column":24}},"loc":{"start":{"line":568,"column":29},"end":{"line":568,"column":112}},"line":568},"172":{"name":"(anonymous_172)","decl":{"start":{"line":571,"column":45},"end":{"line":571,"column":46}},"loc":{"start":{"line":571,"column":51},"end":{"line":575,"column":13}},"line":571},"173":{"name":"(anonymous_173)","decl":{"start":{"line":574,"column":23},"end":{"line":574,"column":24}},"loc":{"start":{"line":574,"column":29},"end":{"line":574,"column":122}},"line":574},"174":{"name":"(anonymous_174)","decl":{"start":{"line":579,"column":48},"end":{"line":579,"column":49}},"loc":{"start":{"line":579,"column":54},"end":{"line":583,"column":13}},"line":579},"175":{"name":"(anonymous_175)","decl":{"start":{"line":582,"column":23},"end":{"line":582,"column":24}},"loc":{"start":{"line":582,"column":29},"end":{"line":582,"column":115}},"line":582},"176":{"name":"(anonymous_176)","decl":{"start":{"line":585,"column":43},"end":{"line":585,"column":44}},"loc":{"start":{"line":585,"column":49},"end":{"line":589,"column":13}},"line":585},"177":{"name":"(anonymous_177)","decl":{"start":{"line":588,"column":23},"end":{"line":588,"column":24}},"loc":{"start":{"line":588,"column":29},"end":{"line":588,"column":110}},"line":588},"178":{"name":"(anonymous_178)","decl":{"start":{"line":591,"column":44},"end":{"line":591,"column":45}},"loc":{"start":{"line":591,"column":50},"end":{"line":595,"column":13}},"line":591},"179":{"name":"(anonymous_179)","decl":{"start":{"line":594,"column":23},"end":{"line":594,"column":24}},"loc":{"start":{"line":594,"column":29},"end":{"line":594,"column":115}},"line":594},"180":{"name":"(anonymous_180)","decl":{"start":{"line":597,"column":45},"end":{"line":597,"column":46}},"loc":{"start":{"line":597,"column":51},"end":{"line":601,"column":13}},"line":597},"181":{"name":"(anonymous_181)","decl":{"start":{"line":600,"column":23},"end":{"line":600,"column":24}},"loc":{"start":{"line":600,"column":29},"end":{"line":600,"column":109}},"line":600},"182":{"name":"(anonymous_182)","decl":{"start":{"line":603,"column":46},"end":{"line":603,"column":47}},"loc":{"start":{"line":603,"column":52},"end":{"line":607,"column":13}},"line":603},"183":{"name":"(anonymous_183)","decl":{"start":{"line":606,"column":23},"end":{"line":606,"column":24}},"loc":{"start":{"line":606,"column":29},"end":{"line":606,"column":110}},"line":606},"184":{"name":"(anonymous_184)","decl":{"start":{"line":609,"column":44},"end":{"line":609,"column":45}},"loc":{"start":{"line":609,"column":50},"end":{"line":613,"column":13}},"line":609},"185":{"name":"(anonymous_185)","decl":{"start":{"line":612,"column":23},"end":{"line":612,"column":24}},"loc":{"start":{"line":612,"column":29},"end":{"line":612,"column":112}},"line":612},"186":{"name":"(anonymous_186)","decl":{"start":{"line":615,"column":45},"end":{"line":615,"column":46}},"loc":{"start":{"line":615,"column":51},"end":{"line":619,"column":13}},"line":615},"187":{"name":"(anonymous_187)","decl":{"start":{"line":618,"column":23},"end":{"line":618,"column":24}},"loc":{"start":{"line":618,"column":29},"end":{"line":618,"column":122}},"line":618},"188":{"name":"(anonymous_188)","decl":{"start":{"line":623,"column":51},"end":{"line":623,"column":52}},"loc":{"start":{"line":623,"column":57},"end":{"line":627,"column":13}},"line":623},"189":{"name":"(anonymous_189)","de
[...]
umn":24},"end":{"line":375,"column":25}}],"line":373},"15":{"loc":{"start":{"line":381,"column":66},"end":{"line":381,"column":110}},"type":"cond-expr","locations":[{"start":{"line":381,"column":82},"end":{"line":381,"column":83}},{"start":{"line":381,"column":87},"end":{"line":381,"column":109}}],"line":381},"16":{"loc":{"start":{"line":381,"column":87},"end":{"line":381,"column":109}},"type":"cond-expr","locations":[{"start":{"line":381,"column":103},"end":{"line":381,"column":105}},{"start":{"line":381,"column":108},"end":{"line":381,"column":109}}],"line":381},"17":{"loc":{"start":{"line":414,"column":12},"end":{"line":414,"column":78}},"type":"if","locations":[{"start":{"line":414,"column":12},"end":{"line":414,"column":78}},{"start":{"line":414,"column":12},"end":{"line":414,"column":78}}],"line":414},"18":{"loc":{"start":{"line":418,"column":12},"end":{"line":418,"column":76}},"type":"if","locations":[{"start":{"line":418,"column":12},"end":{"line":418,"column":76}},{"start":{"line":418,"column":12},"end":{"line":418,"column":76}}],"line":418},"19":{"loc":{"start":{"line":422,"column":12},"end":{"line":422,"column":91}},"type":"if","locations":[{"start":{"line":422,"column":12},"end":{"line":422,"column":91}},{"start":{"line":422,"column":12},"end":{"line":422,"column":91}}],"line":422},"20":{"loc":{"start":{"line":424,"column":12},"end":{"line":440,"column":13}},"type":"if","locations":[{"start":{"line":424,"column":12},"end":{"line":440,"column":13}},{"start":{"line":424,"column":12},"end":{"line":440,"column":13}}],"line":424},"21":{"loc":{"start":{"line":428,"column":16},"end":{"line":428,"column":122}},"type":"if","locations":[{"start":{"line":428,"column":16},"end":{"line":428,"column":122}},{"start":{"line":428,"column":16},"end":{"line":428,"column":122}}],"line":428},"22":{"loc":{"start":{"line":434,"column":16},"end":{"line":437,"column":17}},"type":"if","locations":[{"start":{"line":434,"column":16},"end":{"line":437,"column":17}},{"start":{"line":434,"column":16},"end":{"line":437,"column":17}}],"line":434},"23":{"loc":{"start":{"line":464,"column":12},"end":{"line":464,"column":78}},"type":"if","locations":[{"start":{"line":464,"column":12},"end":{"line":464,"column":78}},{"start":{"line":464,"column":12},"end":{"line":464,"column":78}}],"line":464},"24":{"loc":{"start":{"line":468,"column":12},"end":{"line":468,"column":91}},"type":"if","locations":[{"start":{"line":468,"column":12},"end":{"line":468,"column":91}},{"start":{"line":468,"column":12},"end":{"line":468,"column":91}}],"line":468},"25":{"loc":{"start":{"line":502,"column":12},"end":{"line":502,"column":82}},"type":"if","locations":[{"start":{"line":502,"column":12},"end":{"line":502,"column":82}},{"start":{"line":502,"column":12},"end":{"line":502,"column":82}}],"line":502},"26":{"loc":{"start":{"line":506,"column":16},"end":{"line":506,"column":128}},"type":"if","locations":[{"start":{"line":506,"column":16},"end":{"line":506,"column":128}},{"start":{"line":506,"column":16},"end":{"line":506,"column":128}}],"line":506},"27":{"loc":{"start":{"line":551,"column":12},"end":{"line":551,"column":78}},"type":"if","locations":[{"start":{"line":551,"column":12},"end":{"line":551,"column":78}},{"start":{"line":551,"column":12},"end":{"line":551,"column":78}}],"line":551},"28":{"loc":{"start":{"line":554,"column":12},"end":{"line":589,"column":13}},"type":"if","locations":[{"start":{"line":554,"column":12},"end":{"line":589,"column":13}},{"start":{"line":554,"column":12},"end":{"line":589,"column":13}}],"line":554},"29":{"loc":{"start":{"line":556,"column":64},"end":{"line":556,"column":103}},"type":"binary-expr","locations":[{"start":{"line":556,"column":64},"end":{"line":556,"column":75}},{"start":{"line":556,"column":79},"end":{"line":556,"column":89}},{"start":{"line":556,"column":93},"end":{"line":556,"column":103}}],"line":556},"30":{"loc":{"start":{"line":558,"column":16},"end":{"line":558,"column":117}},"type":"if","locations":[{"start":{"line":558,"column":16},"end":{"line":558,"column":117}},{"start":{"line":558,"column":16},"end":{"line":558,"column":117}}],"line":558},"31":{"loc":{"start":{"line":653,"column":12},"end":{"line":653,"column":78}},"type":"if","locations":[{"start":{"line":653,"column":12},"end":{"line":653,"column":78}},{"start":{"line":653,"column":12},"end":{"line":653,"column":78}}],"line":653},"32":{"loc":{"start":{"line":658,"column":12},"end":{"line":667,"column":13}},"type":"if","locations":[{"start":{"line":658,"column":12},"end":{"line":667,"column":13}},{"start":{"line":658,"column":12},"end":{"line":667,"column":13}}],"line":658},"33":{"loc":{"start":{"line":660,"column":74},"end":{"line":660,"column":113}},"type":"binary-expr","locations":[{"start":{"line":660,"column":74},"end":{"line":660,"column":85}},{"start":{"line":660,"column":89},"end":{"line":660,"column":99}},{"start":{"line":660,"column":103},"end":{"line":660,"column":113}}],"line":660},"34":{"loc":{"start":{"line":663,"column":101},"end":{"line":663,"column":182}},"type":"binary-expr","locations":[{"start":{"line":663,"column":101},"end":{"line":663,"column":112}},{"start":{"line":663,"column":115},"end":{"line":663,"column":124}},{"start":{"line":663,"column":127},"end":{"line":663,"column":138}},{"start":{"line":663,"column":141},"end":{"line":663,"column":151}},{"start":{"line":663,"column":154},"end":{"line":663,"column":168}},{"start":{"line":663,"column":172},"end":{"line":663,"column":182}}],"line":663},"35":{"loc":{"start":{"line":689,"column":12},"end":{"line":689,"column":78}},"type":"if","locations":[{"start":{"line":689,"column":12},"end":{"line":689,"column":78}},{"start":{"line":689,"column":12},"end":{"line":689,"column":78}}],"line":689}},"s":{"0":1,"1":1,"2":1,"3":1,"4":1,"5":1,"6":1,"7":47,"8":5,"9":5,"10":5,"11":5,"12":1,"13":4,"14":1,"15":3,"16":3,"17":0,"18":0,"19":17,"20":3,"21":3,"22":3,"23":2,"24":1,"25":2,"26":1,"27":1,"28":1,"29":0,"30":1,"31":1,"32":58,"33":2,"34":2,"35":2,"36":0,"37":2,"38":0,"39":2,"40":2,"41":2,"42":0,"43":2,"44":1,"45":1,"46":1,"47":1,"48":1,"49":1,"50":1,"51":1,"52":0,"53":0,"54":0,"55":0,"56":2,"57":2,"58":2,"59":2,"60":64,"61":64,"62":2,"63":0,"64":2,"65":15,"66":1,"67":1,"68":1,"69":0,"70":1,"71":1,"72":0,"73":1,"74":1,"75":0,"76":0,"77":0,"78":0,"79":0,"80":0,"81":0,"82":0,"83":0,"84":0,"85":0,"86":0,"87":0,"88":0,"89":0,"90":0,"91":0,"92":0,"93":0,"94":0,"95":0,"96":0,"97":0,"98":0,"99":0,"100":0,"101":0,"102":0,"103":0,"104":0,"105":0,"106":0,"107":0,"108":0,"109":0,"110":0,"111":0,"112":0,"113":0,"114":0,"115":0,"116":0,"117":0,"118":0,"119":0,"120":0,"121":0,"122":0,"123":0,"124":0,"125":0,"126":0,"127":0,"128":0,"129":0,"130":0,"131":0,"132":0,"133":0,"134":0,"135":0,"136":0,"137":0,"138":0,"139":0,"140":0,"141":0,"142":0,"143":0,"144":0,"145":0,"146":0,"147":0,"148":0,"149":0,"150":0,"151":0,"152":0,"153":0,"154":0,"155":0,"156":0,"157":0,"158":0,"159":0,"160":0,"161":0,"162":0,"163":0,"164":0,"165":0,"166":0,"167":0,"168":0,"169":0,"170":0,"171":0,"172":0,"173":0,"174":0,"175":0,"176":0,"177":0,"178":0,"179":0,"180":0,"181":0,"182":0,"183":0,"184":0,"185":0,"186":0,"187":0,"188":0,"189":0,"190":0,"191":0,"192":0,"193":0,"194":0,"195":0,"196":0,"197":0,"198":0,"199":0,"200":0,"201":0,"202":1},"f":{"0":47,"1":5,"2":0,"3":17,"4":3,"5":2,"6":1,"7":58,"8":2,"9":0,"10":0,"11":2,"12":2,"13":64,"14":15,"15":1,"16":0,"17":0,"18":0,"19":0,"20":0,"21":0,"22":0,"23":0,"24":0,"25":0,"26":0,"27":0,"28":0,"29":0,"30":0,"31":0,"32":0,"33":0,"34":0,"35":0,"36":0,"37":0,"38":0,"39":0,"40":0,"41":0,"42":0,"43":0,"44":0,"45":0,"46":0,"47":0},"b":{"0":[1,4],"1":[1,3],"2":[2,1],"3":[3,2],"4":[0,1],"5":[0,2],"6":[0,2],"7":[0,2],"8":[1,1],"9":[0,2],"10":[0,1],"11":[0,1],"12":[0,0],"13":[0,0],"14":[0,0],"15":[0,0],"16":[0,0],"17":[0,0],"18":[0,0],"19":[0,0],"20":[0,0],"21":[0,0],"22":[0,0],"23":[0,0],"24":[0,0],"25":[0,0],"26":[0,0],"27":[0,0],"28":[0,0],"29":[0,0,0],"30":[0,0],"31":[0,0],"32":[0,0],"33":[0,0,0],"34":[0,0,0,0,0,0],"35":[0,0]},"_coverageSchema":"43e27e138ebf9cfc5966b082cf9a028302ed4184","hash":"22cf0e5a9cbe24abb8d47b11c5e9fff0ab93947e","contentHash":"81c713c2b9793286cd65999ee446d9a5"},"C:\\Users\\josep\\Desktop\\CMDER\\bootcamp\\collab\\skylab-bootcamp-201809\\staff\\pep-delbano\\finalproject\\back\\errors\\index.js":{"path":"C:\\Users\\josep\\Desktop\\CMDER\\bootcamp\\collab\\skylab-bootcamp-201809\\staff\\pep-delbano\\finalproject\\back\\errors\\index.js","statementMap":{"0":{"start":{"line":1,"column":27},"end":{"line":1,"column":60}},"1":{"start":{"line":2,"column":18},"end":{"line":2,"column":41}},"2":{"start":{"line":3,"column":22},"end":{"line":3,"column":50}},"3":{"start":{"line":4,"column":19},"end":{"line":4,"column":43}},"4":{"start":{"line":6,"column":0},"end":{"line":11,"column":1}}},"fnMap":{},"branchMap":{},"s":{"0":1,"1":1,"2":1,"3":1,"4":1},"f":{},"b":{},"_coverageSchema":"43e27e138ebf9cfc5966b082cf9a028302ed4184","hash":"811811ef9f3b50c00e86db92a9948a02a19f85c6","contentHash":"3b8aa14cf5629b78e039e30a595c6a3f"},"C:\\Users\\josep\\Desktop\\CMDER\\bootcamp\\collab\\skylab-bootcamp-201809\\staff\\pep-delbano\\finalproject\\back\\errors\\already-exists-error.js":{"path":"C:\\Users\\josep\\Desktop\\CMDER\\bootcamp\\collab\\skylab-bootcamp-201809\\staff\\pep-delbano\\finalproject\\back\\errors\\already-exists-error.js","statementMap":{"0":{"start":{"line":3,"column":8},"end":{"line":3,"column":15}},"1":{"start":{"line":5,"column":8},"end":{"line":5,"column":55}},"2":{"start":{"line":7,"column":8},"end":{"line":7,"column":40}},"3":{"start":{"line":8,"column":8},"end":{"line":8,"column":30}},"4":{"start":{"line":10,"column":8},"end":{"line":10,"column":37}},"5":{"start":{"line":10,"column":19},"end":{"line":10,"column":37}},"6":{"start":{"line":14,"column":0},"end":{"line":14,"column":35}}},"fnMap":{"0":{"name":"(anonymous_0)","decl":{"start":{"line":2,"column":4},"end":{"line":2,"column":5}},"loc":{"start":{"line":2,"column":32},"end":{"line":11,"column":5}},"line":2}},"branchMap":{"0":{"loc":{"start":{"line":10,"column":8},"end":{"line":10,"column":37}},"type":"if","locations":[{"start":{"line":10,"column":8},"end":{"line":10,"column":37}},{"start":{"line":10,"column":8},"end":{"line":10,"column":37}}],"line":10}},"s":{"0":3,"1":3,"2":3,"3":3,"4":3,"5":0,"6":1},"f":{"0":3},"b":{"0":[0,3]},"_coverageSchema":"43e27e138ebf9cfc5966b082cf9a028302ed4184","hash":"d81f45ddf17a41d7c6cd24e6f818b2ab82e7f821","contentHash":"783eadb99ab84d41a4ebe5b08e0c178e"},"C:\\Users\\josep\\Desktop\\CMDER\\bootcamp\\collab\\skylab-bootcamp-201809\\staff\\pep-delbano\\finalproject\\back\\errors\\auth-error.js":{"path":"C:\\Users\\josep\\Desktop\\CMDER\\bootcamp\\collab\\skylab-bootcamp-201809\\staff\\pep-delbano\\finalproject\\back\\errors\\auth-error.js","statementMap":{"0":{"start":{"line":3,"column":8},"end":{"line":3,"column":15}},"1":{"start":{"line":5,"column":8},"end":{"line":5,"column":55}},"2":{"start":{"line":7,"column":8},"end":{"line":7,"column":31}},"3":{"start":{"line":8,"column":8},"end":{"line":8,"column":30}},"4":{"start":{"line":10,"column":8},"end":{"line":10,"column":37}},"5":{"start":{"line":10,"column":19},"end":{"line":10,"column":37}},"6":{"start":{"line":14,"column":0},"end":{"line":14,"column":26}}},"fnMap":{"0":{"name":"(anonymous_0)","decl":{"start":{"line":2,"column":4},"end":{"line":2,"column":5}},"loc":{"start":{"line":2,"column":32},"end":{"line":11,"column":5}},"line":2}},"branchMap":{"0":{"loc":{"start":{"line":10,"column":8},"end":{"line":10,"column":37}},"type":"if","locations":[{"start":{"line":10,"column":8},"end":{"line":10,"column":37}},{"start":{"line":10,"column":8},"end":{"line":10,"column":37}}],"line":10}},"s":{"0":2,"1":2,"2":2,"3":2,"4":2,"5":0,"6":1},"f":{"0":2},"b":{"0":[0,2]},"_coverageSchema":"43e27e138ebf9cfc5966b082cf9a028302ed4184","hash":"51dc7c7be24afc3cf904e587a614e162c252c550","contentHash":"7bae954355e81a6ceb6a52b73e7c2a96"},"C:\\Users\\josep\\Desktop\\CMDER\\bootcamp\\collab\\skylab-bootcamp-201809\\staff\\pep-delbano\\finalproject\\back\\errors\\not-found-error.js":{"path":"C:\\Users\\josep\\Desktop\\CMDER\\bootcamp\\collab\\skylab-bootcamp-201809\\staff\\pep-delbano\\finalproject\\back\\errors\\not-found-error.js","statementMap":{"0":{"start":{"line":3,"column":8},"end":{"line":3,"column":15}},"1":{"start":{"line":5,"column":8},"end":{"line":5,"column":55}},"2":{"start":{"line":7,"column":8},"end":{"line":7,"column":35}},"3":{"start":{"line":8,"column":8},"end":{"line":8,"column":30}},"4":{"start":{"line":10,"column":8},"end":{"line":10,"column":37}},"5":{"start":{"line":10,"column":19},"end":{"line":10,"column":37}},"6":{"start":{"line":14,"column":0},"end":{"line":14,"column":30}}},"fnMap":{"0":{"name":"(anonymous_0)","decl":{"start":{"line":2,"column":4},"end":{"line":2,"column":5}},"loc":{"start":{"line":2,"column":32},"end":{"line":11,"column":5}},"line":2}},"branchMap":{"0":{"loc":{"start":{"line":10,"column":8},"end":{"line":10,"column":37}},"type":"if","locations":[{"start":{"line":10,"column":8},"end":{"line":10,"column":37}},{"start":{"line":10,"column":8},"end":{"line":10,"column":37}}],"line":10}},"s":{"0":0,"1":0,"2":0,"3":0,"4":0,"5":0,"6":1},"f":{"0":0},"b":{"0":[0,0]},"_coverageSchema":"43e27e138ebf9cfc5966b082cf9a028302ed4184","hash":"1a59a7a8921398d92b8efa7c14341b0e050611c2","contentHash":"eee38aad8c77b3031f03989d0cb3680f"},"C:\\Users\\josep\\Desktop\\CMDER\\bootcamp\\collab\\skylab-bootcamp-201809\\staff\\pep-delbano\\finalproject\\back\\errors\\value-error.js":{"path":"C:\\Users\\josep\\Desktop\\CMDER\\bootcamp\\collab\\skylab-bootcamp-201809\\staff\\pep-delbano\\finalproject\\back\\errors\\value-error.js","statementMap":{"0":{"start":{"line":3,"column":8},"end":{"line":3,"column":15}},"1":{"start":{"line":5,"column":8},"end":{"line":5,"column":55}},"2":{"start":{"line":7,"column":8},"end":{"line":7,"column":32}},"3":{"start":{"line":8,"column":8},"end":{"line":8,"column":30}},"4":{"start":{"line":10,"column":8},"end":{"line":10,"column":37}},"5":{"start":{"line":10,"column":19},"end":{"line":10,"column":37}},"6":{"start":{"line":14,"column":0},"end":{"line":14,"column":27}}},"fnMap":{"0":{"name":"(anonymous_0)","decl":{"start":{"line":2,"column":4},"end":{"line":2,"column":5}},"loc":{"start":{"line":2,"column":32},"end":{"line":11,"column":5}},"line":2}},"branchMap":{"0":{"loc":{"start":{"line":10,"column":8},"end":{"line":10,"column":37}},"type":"if","locations":[{"start":{"line":10,"column":8},"end":{"line":10,"column":37}},{"start":{"line":10,"column":8},"end":{"line":10,"column":37}}],"line":10}},"s":{"0":26,"1":26,"2":26,"3":26,"4":26,"5":0,"6":1},"f":{"0":26},"b":{"0":[0,26]},"_coverageSchema":"43e27e138ebf9cfc5966b082cf9a028302ed4184","hash":"b3327f47028ede4420ff72984b5c11bfefcf8753","contentHash":"40e42e2e80cdfc1a42d54cd146805116"},"C:\\Users\\josep\\Desktop\\CMDER\\bootcamp\\collab\\skylab-bootcamp-201809\\staff\\pep-delbano\\finalproject\\back\\utils\\validate.js":{"path":"C:\\Users\\josep\\Desktop\\CMDER\\bootcamp\\collab\\skylab-bootcamp-201809\\staff\\pep-delbano\\finalproject\\back\\utils\\validate.js","statementMap":{"0":{"start":{"line":1,"column":23},"end":{"line":1,"column":43}},"1":{"start":{"line":4,"column":4},"end":{"line":22,"column":6}},"2":{"start":{"line":5,"column":8},"end":{"line":21,"column":9}},"3":{"start":{"line":7,"column":16},"end":{"line":7,"column":53}},"4":{"start":{"line":7,"column":48},"end":{"line":7,"column":53}},"5":{"start":{"line":8,"column":16},"end":{"line":8,"column":90}},"6":{"start":{"line":8,"column":47},"end":{"line":8,"column":90}},"7":{"start":{"line":9,"column":16},"end":{"line":9,"column":90}},"8":{"start":{"line":9,"column":42},"end":{"line":9,"column":90}},"9":{"start":{"line":10,"column":16},"end":{"line":10,"column":21}},"10":{"start":{"line":13,"column":16},"end":{"line":13,"column":53}},"11":{"start":{"line":13,"column":48},"end":{"line":13,"column":53}},"12":{"start":{"line":14,"column":16},"end":{"line":14,"column":92}},"13":{"start":{"line":14,"column":48},"end":{"line":14,"column":92}},"14":{"start":{"line":15,"column":16},"end":{"line":15,"column":21}},"15":{"start":{"line":18,"column":16},"end":{"line":18,"column":53}},"16":{"start":{"line":18,"column":48},"end":{"line":18,"column":53}},"17":{"start":{"line":20,"column":16},"end":{"line":20,"column":90}},"18":{"start":{"line":20,"column":47},"end":{"line":20,"column":90}},"19":{"start":{"line":25,"column":0},"end":{"line":25,"column":25}}},"fnMap":{"0":{"name":"validate","decl":{"start":{"line":3,"column":9},"end":{"line":3,"column":17}},"loc":{"start":{"line":3,"column":26},"end":{"line":23,"column":1}},"line":3},"1":{"name":"(anonymous_1)","decl":{"start":{"line":4,"column":19},"end":{"line":4,"column":20}},"loc":{"start":{"line":4,"column":55},"end":{"line":22,"column":5}},"line":4}},"branchMap":{"0":{"loc":{"start":{"line":5,"column":8},"end":{"line":21,"column":9}},"type":"switch","locations":[{"start":{"line":6,"column":12},"end":{"line":10,"column":21}},{"start":{"line":12,"column":16},"end":{"line":15,"column":21}},{"start":{"line":17,"column":16},"end":{"line":20,"column":90}}],"line":5},"1":{"loc":{"start":{"line":7,"column":16},"end":{"line":7,"column":53}},"type":"if","locations":[{"start":{"line":7,"column":16},"end":{"line":7,"column":53}},{"start":{"line":7,"column":16},"end":{"line":7,"column":53}}],"line":7},"2":{"loc":{"start":{"line":7,"column":20},"end":{"line":7,"column":46}},"type":"binary-expr","locations":[{"start":{"line":7,"column":20},"end":{"line":7,"column":28}},{"start":{"line":7,"column":32},"end":{"line":7,"column":46}}],"line":7},"3":{"loc":{"start":{"line":8,"column":16},"end":{"line":8,"column":90}},"type":"if","locations":[{"start":{"line":8,"column":16},"end":{"line":8,"column":90}},{"start":{"line":8,"column":16},"end":{"line":8,"column":90}}],"line":8},"4":{"loc":{"start":{"line":9,"column":16},"end":{"line":9,"column":90}},"type":"if","locations":[{"start":{"line":9,"column":16},"end":{"line":9,"column":90}},{"start":{"line":9,"column":16},"end":{"line":9,"column":90}}],"line":9},"5":{"loc":{"start":{"line":13,"column":16},"end":{"line":13,"column":53}},"type":"if","locations":[{"start":{"line":13,"column":16},"end":{"line":13,"column":53}},{"start":{"line":13,"column":16},"end":{"line":13,"column":53}}],"line":13},"6":{"loc":{"start":{"line":13,"column":20},"end":{"line":13,"column":46}},"type":"binary-expr","locations":[{"start":{"line":13,"column":20},"end":{"line":13,"column":28}},{"start":{"line":13,"column":32},"end":{"line":13,"column":46}}],"line":13},"7":{"loc":{"start":{"line":14,"column":16},"end":{"line":14,"column":92}},"type":"if","locations":[{"start":{"line":14,"column":16},"end":{"line":14,"column":92}},{"start":{"line":14,"column":16},"end":{"line":14,"column":92}}],"line":14},"8":{"loc":{"start":{"line":18,"column":16},"end":{"line":18,"column":53}},"type":"if","locations":[{"start":{"line":18,"column":16},"end":{"line":18,"column":53}},{"start":{"line":18,"column":16},"end":{"line":18,"column":53}}],"line":18},"9":{"loc":{"start":{"line":18,"column":20},"end":{"line":18,"column":46}},"type":"binary-expr","locations":[{"start":{"line":18,"column":20},"end":{"line":18,"column":28}},{"start":{"line":18,"column":32},"end":{"line":18,"column":46}}],"line":18},"10":{"loc":{"start":{"line":20,"column":16},"end":{"line":20,"column":90}},"type":"if","locations":[{"start":{"line":20,"column":16},"end":{"line":20,"column":90}},{"start":{"line":20,"column":16},"end":{"line":20,"column":90}}],"line":20}},"s":{"0":1,"1":139,"2":490,"3":490,"4":0,"5":490,"6":101,"7":389,"8":26,"9":363,"10":0,"11":0,"12":0,"13":0,"14":0,"15":0,"16":0,"17":0,"18":0,"19":1},"f":{"0":139,"1":490},"b":{"0":[490,0,0],"1":[0,490],"2":[490,0],"3":[101,389],"4":[26,363],"5":[0,0],"6":[0,0],"7":[0,0],"8":[0,0],"9":[0,0],"10":[0,0]},"_coverageSchema":"43e27e138ebf9cfc5966b082cf9a028302ed4184","hash":"bba90f39b13194f655e5a7b671ee226721d1fe21","contentHash":"0f1432c18ecefe2543c14d6944582b85"}}